Arguments: 
  /Users/zheqiu/.nvm/versions/node/v16.13.0/bin/node /Users/zheqiu/.node/corepack/yarn/1.22.15/bin/yarn.js add Option

PATH: 
  /Users/zheqiu/.nvm/versions/node/v16.13.0/bin:/opt/homebrew/bin:/opt/homebrew/sbin:/usr/local/bin:/usr/bin:/bin:/usr/sbin:/sbin:/opt/homebrew/bin:/opt/homebrew/sbin

Yarn version: 
  1.22.15

Node version: 
  16.13.0

Platform: 
  darwin arm64

Trace: 
  Error: https://npm.xiaodiankeji.net/Option: no such package available
      at Request.params.callback [as _callback] (/Users/zheqiu/.node/corepack/yarn/1.22.15/lib/cli.js:66140:18)
      at Request.self.callback (/Users/zheqiu/.node/corepack/yarn/1.22.15/lib/cli.js:140885:22)
      at Request.emit (node:events:390:28)
      at Request.<anonymous> (/Users/zheqiu/.node/corepack/yarn/1.22.15/lib/cli.js:141857:10)
      at Request.emit (node:events:390:28)
      at IncomingMessage.<anonymous> (/Users/zheqiu/.node/corepack/yarn/1.22.15/lib/cli.js:141779:12)
      at Object.onceWrapper (node:events:509:28)
      at IncomingMessage.emit (node:events:402:35)
      at endReadableNT (node:internal/streams/readable:1343:12)
      at processTicksAndRejections (node:internal/process/task_queues:83:21)

npm manifest: 
  {
    "name": "yarn-plugin-docs",
    "version": "1.0.0",
    "main": "index.js",
    "license": "MIT",
    "dependencies": {
      "@yarnpkg/builder": "^3.1.1-rc.1",
      "@yarnpkg/cli": "^3.2.0-rc.10",
      "open": "^8.4.0"
    },
    "scripts": {
      "build": "builder build plugin"
    }
  }

yarn manifest: 
  No manifest

Lockfile: 
  # THIS IS AN AUTOGENERATED FILE. DO NOT EDIT THIS FILE DIRECTLY.
  # yarn lockfile v1
  
  
  "@arcanis/slice-ansi@^1.1.1":
    version "1.1.1"
    resolved "https://npm.xiaodiankeji.net/@arcanis%2fslice-ansi/-/slice-ansi-1.1.1.tgz#0ee328a68996ca45854450033a3d161421dc4f55"
    integrity sha512-xguP2WR2Dv0gQ7Ykbdb7BNCnPnIPB94uTi0Z2NvkRBEnhbwjOQ7QyQKJXrVQg4qDpiD9hA5l5cCwy/z2OXgc3w==
    dependencies:
      grapheme-splitter "^1.0.4"
  
  "@babel/runtime@^7.15.4":
    version "7.16.7"
    resolved "https://npm.xiaodiankeji.net/@babel%2fruntime/-/runtime-7.16.7.tgz#03ff99f64106588c9c403c6ecb8c3bafbbdff1fa"
    integrity sha512-9E9FJowqAsytyOY6LG+1KuueckRL+aQW+mKvXRXnuFGyRAyepJPmEo9vgMfXUA6O9u3IeEdv9MAkppFcaQwogQ==
    dependencies:
      regenerator-runtime "^0.13.4"
  
  "@chevrotain/types@^9.1.0":
    version "9.1.0"
    resolved "https://npm.xiaodiankeji.net/@chevrotain%2ftypes/-/types-9.1.0.tgz#689f2952be5ad9459dae3c8e9209c0f4ec3c5ec4"
    integrity sha1-aJ8pUr5a2UWdrjyOkgnA9Ow8XsQ=
  
  "@chevrotain/utils@^9.1.0":
    version "9.1.0"
    resolved "https://npm.xiaodiankeji.net/@chevrotain%2futils/-/utils-9.1.0.tgz#a34ab0696f9491dee934e848984517d226356f21"
    integrity sha1-o0qwaW+Ukd7pNOhImEUX0iY1byE=
  
  "@nodelib/fs.scandir@2.1.5":
    version "2.1.5"
    resolved "https://npm.xiaodiankeji.net/@nodelib%2ffs.scandir/-/fs.scandir-2.1.5.tgz#7619c2eb21b25483f6d167548b4cfd5a7488c3d5"
    integrity sha1-dhnC6yGyVIP20WdUi0z9WnSIw9U=
    dependencies:
      "@nodelib/fs.stat" "2.0.5"
      run-parallel "^1.1.9"
  
  "@nodelib/fs.stat@2.0.5", "@nodelib/fs.stat@^2.0.2":
    version "2.0.5"
    resolved "https://npm.xiaodiankeji.net/@nodelib%2ffs.stat/-/fs.stat-2.0.5.tgz#5bd262af94e9d25bd1e71b05deed44876a222e8b"
    integrity sha1-W9Jir5Tp0lvR5xsF3u1Eh2oiLos=
  
  "@nodelib/fs.walk@^1.2.3":
    version "1.2.8"
    resolved "https://npm.xiaodiankeji.net/@nodelib%2ffs.walk/-/fs.walk-1.2.8.tgz#e95737e8bb6746ddedf69c556953494f196fe69a"
    integrity sha1-6Vc36LtnRt3t9pxVaVNJTxlv5po=
    dependencies:
      "@nodelib/fs.scandir" "2.1.5"
      fastq "^1.6.0"
  
  "@sindresorhus/is@^4.0.0":
    version "4.2.1"
    resolved "https://npm.xiaodiankeji.net/@sindresorhus%2fis/-/is-4.2.1.tgz#b88b5724283db80b507cd612caee9a1947412a20"
    integrity sha512-BrzrgtaqEre0qfvI8sMTaEvx+bayuhPmfe2rfeUGPPHYr/PLxCOqkOe4TQTDPb+qcqgNcsAtXV/Ew74mcDIE8w==
  
  "@szmarczak/http-timer@^4.0.5":
    version "4.0.6"
    resolved "https://npm.xiaodiankeji.net/@szmarczak%2fhttp-timer/-/http-timer-4.0.6.tgz#b4a914bb62e7c272d4e5989fe4440f812ab1d807"
    integrity sha1-tKkUu2LnwnLU5Zif5EQPgSqx2Ac=
    dependencies:
      defer-to-connect "^2.0.0"
  
  "@types/cacheable-request@^6.0.1":
    version "6.0.2"
    resolved "https://npm.xiaodiankeji.net/@types%2fcacheable-request/-/cacheable-request-6.0.2.tgz#c324da0197de0a98a2312156536ae262429ff6b9"
    integrity sha1-wyTaAZfeCpiiMSFWU2riYkKf9rk=
    dependencies:
      "@types/http-cache-semantics" "*"
      "@types/keyv" "*"
      "@types/node" "*"
      "@types/responselike" "*"
  
  "@types/emscripten@^1.38.0":
    version "1.39.6"
    resolved "https://npm.xiaodiankeji.net/@types%2femscripten/-/emscripten-1.39.6.tgz#698b90fe60d44acf93c31064218fbea93fbfd85a"
    integrity sha1-aYuQ/mDUSs+TwxBkIY++qT+/2Fo=
  
  "@types/http-cache-semantics@*":
    version "4.0.1"
    resolved "https://npm.xiaodiankeji.net/@types%2fhttp-cache-semantics/-/http-cache-semantics-4.0.1.tgz#0ea7b61496902b95890dc4c3a116b60cb8dae812"
    integrity sha1-Dqe2FJaQK5WJDcTDoRa2DLja6BI=
  
  "@types/keyv@*":
    version "3.1.3"
    resolved "https://npm.xiaodiankeji.net/@types%2fkeyv/-/keyv-3.1.3.tgz#1c9aae32872ec1f20dcdaee89a9f3ba88f465e41"
    integrity sha1-HJquMocuwfINza7omp87qI9GXkE=
    dependencies:
      "@types/node" "*"
  
  "@types/lodash@^4.14.175":
    version "4.14.178"
    resolved "https://npm.xiaodiankeji.net/@types%2flodash/-/lodash-4.14.178.tgz#341f6d2247db528d4a13ddbb374bcdc80406f4f8"
    integrity sha512-0d5Wd09ItQWH1qFbEyQ7oTQ3GZrMfth5JkbN3EvTKLXcHLRDSXeLnlvlOn0wvxVIwK5o2M8JzP/OWz7T3NRsbw==
  
  "@types/node@*":
    version "17.0.8"
    resolved "https://npm.xiaodiankeji.net/@types%2fnode/-/node-17.0.8.tgz#50d680c8a8a78fe30abe6906453b21ad8ab0ad7b"
    integrity sha512-YofkM6fGv4gDJq78g4j0mMuGMkZVxZDgtU0JRdx6FgiJDG+0fY0GKVolOV8WqVmEhLCXkQRjwDdKyPxJp/uucg==
  
  "@types/node@^13.7.0":
    version "13.13.52"
    resolved "https://npm.xiaodiankeji.net/@types%2fnode/-/node-13.13.52.tgz#03c13be70b9031baaed79481c0c0cfb0045e53f7"
    integrity sha1-A8E75wuQMbqu15SBwMDPsAReU/c=
  
  "@types/responselike@*", "@types/responselike@^1.0.0":
    version "1.0.0"
    resolved "https://npm.xiaodiankeji.net/@types%2fresponselike/-/responselike-1.0.0.tgz#251f4fe7d154d2bad125abe1b429b23afd262e29"
    integrity sha512-85Y2BjiufFzaMIlvJDvTTB8Fxl2xfLo4HgmHzVBz08w4wDePCTjYw66PdrolO0kzli3yam/YCgRufyo1DdQVTA==
    dependencies:
      "@types/node" "*"
  
  "@types/semver@^7.1.0":
    version "7.3.9"
    resolved "https://npm.xiaodiankeji.net/@types%2fsemver/-/semver-7.3.9.tgz#152c6c20a7688c30b967ec1841d31ace569863fc"
    integrity sha1-FSxsIKdojDC5Z+wYQdMazlaYY/w=
  
  "@types/treeify@^1.0.0":
    version "1.0.0"
    resolved "https://npm.xiaodiankeji.net/@types%2ftreeify/-/treeify-1.0.0.tgz#f04743cb91fc38254e8585d692bd92503782011c"
    integrity sha512-ONpcZAEYlbPx4EtJwfTyCDQJGUpKf4sEcuySdCVjK5Fj/3vHp5HII1fqa1/+qrsLnpYELCQTfVW/awsGJePoIg==
  
  "@yarnpkg/builder@^3.1.1-rc.1":
    version "3.1.1-rc.1"
    resolved "https://npm.xiaodiankeji.net/@yarnpkg%2fbuilder/-/builder-3.1.1-rc.1.tgz#ff73f02c69b425a56203e75099a3e8480e06df38"
    integrity sha512-x2drkl4Lq1cUMUQbYAzOgBmz2S8atupam5S6Ra8Ctmo/zZ34Hznui/B33KfT8YEZGNMwrH/6tK2lP8R0Cj7PNA==
    dependencies:
      "@yarnpkg/cli" "^3.2.0-rc.10"
      "@yarnpkg/core" "^3.2.0-rc.10"
      "@yarnpkg/esbuild-plugin-pnp" "^2.0.0"
      "@yarnpkg/fslib" "^2.6.1-rc.5"
      chalk "^3.0.0"
      clipanion "^3.2.0-rc.4"
      esbuild "npm:esbuild-wasm@^0.11.20"
      semver "^7.1.2"
      tslib "^1.13.0"
  
  "@yarnpkg/cli@^3.2.0-rc.10":
    version "3.2.0-rc.10"
    resolved "https://npm.xiaodiankeji.net/@yarnpkg%2fcli/-/cli-3.2.0-rc.10.tgz#be2e0546573fa4430d6a3f3beaea06dabe691121"
    integrity sha512-o7XR9c2txAtzj5tdge9nw0lq+EDnagZobESBekkdwQ8MHa4/5iEUalNdVCmuMCQx6t5arXWmTzXYhirPh+9c5g==
    dependencies:
      "@yarnpkg/core" "^3.2.0-rc.10"
      "@yarnpkg/fslib" "^2.6.1-rc.5"
      "@yarnpkg/libzip" "^2.2.3-rc.5"
      "@yarnpkg/parsers" "^2.5.0-rc.8"
      "@yarnpkg/plugin-compat" "^3.1.2-rc.6"
      "@yarnpkg/plugin-dlx" "^3.1.1"
      "@yarnpkg/plugin-essentials" "^3.2.0-rc.8"
      "@yarnpkg/plugin-file" "^2.3.0"
      "@yarnpkg/plugin-git" "^2.6.0-rc.10"
      "@yarnpkg/plugin-github" "^2.3.0"
      "@yarnpkg/plugin-http" "^2.2.0"
      "@yarnpkg/plugin-init" "^3.1.1"
      "@yarnpkg/plugin-link" "^2.2.0"
      "@yarnpkg/plugin-nm" "^3.1.1-rc.10"
      "@yarnpkg/plugin-npm" "^2.7.0-rc.3"
      "@yarnpkg/plugin-npm-cli" "^3.2.0-rc.3"
      "@yarnpkg/plugin-pack" "^3.1.0"
      "@yarnpkg/plugin-patch" "^3.2.0-rc.1"
      "@yarnpkg/plugin-pnp" "^3.1.2-rc.10"
      "@yarnpkg/plugin-pnpm" "^1.1.0-rc.8"
      "@yarnpkg/shell" "^3.2.0-rc.8"
      chalk "^3.0.0"
      ci-info "^3.2.0"
      clipanion "^3.2.0-rc.4"
      semver "^7.1.2"
      tslib "^1.13.0"
      typanion "^3.3.0"
      yup "^0.32.9"
  
  "@yarnpkg/core@^3.2.0-rc.10":
    version "3.2.0-rc.10"
    resolved "https://npm.xiaodiankeji.net/@yarnpkg%2fcore/-/core-3.2.0-rc.10.tgz#106fb8c5322e79692e985322fc4cc7903b657d5d"
    integrity sha512-D+j3L+N7QA8+zIx4QBM8qwYTuZdxPWbwoPMxA19O0jtkAMfYasWwjJiuN8pqI+xS5N+xvwOqvk+0DbyVzBMIGw==
    dependencies:
      "@arcanis/slice-ansi" "^1.1.1"
      "@types/semver" "^7.1.0"
      "@types/treeify" "^1.0.0"
      "@yarnpkg/fslib" "^2.6.1-rc.5"
      "@yarnpkg/json-proxy" "^2.1.1"
      "@yarnpkg/libzip" "^2.2.3-rc.5"
      "@yarnpkg/parsers" "^2.5.0-rc.8"
      "@yarnpkg/pnp" "^3.1.1-rc.10"
      "@yarnpkg/shell" "^3.2.0-rc.8"
      camelcase "^5.3.1"
      chalk "^3.0.0"
      ci-info "^3.2.0"
      clipanion "^3.2.0-rc.4"
      cross-spawn "7.0.3"
      diff "^4.0.1"
      globby "^11.0.1"
      got "^11.7.0"
      json-file-plus "^3.3.1"
      lodash "^4.17.15"
      micromatch "^4.0.2"
      mkdirp "^0.5.1"
      p-limit "^2.2.0"
      p-queue "^6.0.0"
      pluralize "^7.0.0"
      pretty-bytes "^5.1.0"
      semver "^7.1.2"
      stream-to-promise "^2.2.0"
      strip-ansi "^6.0.0"
      tar "^6.0.5"
      tinylogic "^1.0.3"
      treeify "^1.1.0"
      tslib "^1.13.0"
      tunnel "^0.0.6"
  
  "@yarnpkg/esbuild-plugin-pnp@^2.0.0":
    version "2.0.0"
    resolved "https://npm.xiaodiankeji.net/@yarnpkg%2fesbuild-plugin-pnp/-/esbuild-plugin-pnp-2.0.0.tgz#cfbaa94c89758f89fa5ac754b9d5fd82cc09c2e4"
    integrity sha1-z7qpTIl1j4n6WsdUudX9gswJwuQ=
    dependencies:
      tslib "^1.13.0"
  
  "@yarnpkg/fslib@^2.5.0", "@yarnpkg/fslib@^2.6.0":
    version "2.6.0"
    resolved "https://npm.xiaodiankeji.net/@yarnpkg%2ffslib/-/fslib-2.6.0.tgz#d51b7c389c8f42a79babfc5d11ccbd65769a9620"
    integrity sha1-1Rt8OJyPQqebq/xdEcy9ZXaaliA=
    dependencies:
      "@yarnpkg/libzip" "^2.2.2"
      tslib "^1.13.0"
  
  "@yarnpkg/fslib@^2.6.1-rc.5":
    version "2.6.1-rc.5"
    resolved "https://npm.xiaodiankeji.net/@yarnpkg%2ffslib/-/fslib-2.6.1-rc.5.tgz#6ede0f5b5be18fdb7a558d12178ce8b354c54c72"
    integrity sha512-Q17w9RQqqCf9ovxSjAftYLoZuUxZ+OKhRPy4iQhLxp1chd4Gl4UUC02LhknrmVrjhetol0UVkYnm17errAKgRQ==
    dependencies:
      "@yarnpkg/libzip" "^2.2.3-rc.5"
      tslib "^1.13.0"
  
  "@yarnpkg/json-proxy@^2.1.1":
    version "2.1.1"
    resolved "https://npm.xiaodiankeji.net/@yarnpkg%2fjson-proxy/-/json-proxy-2.1.1.tgz#47866706061e9bdb15b0d199f6f08dde655bf569"
    integrity sha1-R4ZnBgYem9sVsNGZ9vCN3mVb9Wk=
    dependencies:
      "@yarnpkg/fslib" "^2.5.0"
      tslib "^1.13.0"
  
  "@yarnpkg/libzip@^2.2.2":
    version "2.2.2"
    resolved "https://npm.xiaodiankeji.net/@yarnpkg%2flibzip/-/libzip-2.2.2.tgz#365416c1a973cb034b82e4bcb6e91e90879811c7"
    integrity sha1-NlQWwalzywNLguS8tukekIeYEcc=
    dependencies:
      "@types/emscripten" "^1.38.0"
      tslib "^1.13.0"
  
  "@yarnpkg/libzip@^2.2.3-rc.5":
    version "2.2.3-rc.5"
    resolved "https://npm.xiaodiankeji.net/@yarnpkg%2flibzip/-/libzip-2.2.3-rc.5.tgz#2de9e361e64d6e646a685f711f34633f5c751770"
    integrity sha512-EidaTdtQERjqhtmL3AZzPH2o/91mJQIOpI/Pmvta0hElgAozscslgYEfvifYNq7QnHxkGf7oP+43q7ljz1I+ew==
    dependencies:
      "@types/emscripten" "^1.38.0"
      tslib "^1.13.0"
  
  "@yarnpkg/nm@^3.0.1-rc.10":
    version "3.0.1-rc.10"
    resolved "https://npm.xiaodiankeji.net/@yarnpkg%2fnm/-/nm-3.0.1-rc.10.tgz#5805487ae32dad84e90a0bb2ee78f50a1cf19141"
    integrity sha512-tTMEwdkqFeFVhOPHgA/kKDeURvPGCVxYHptk+f/gd+NSulSRrxt+CVO/c2UwqMBUtcEKz6hMJU57Za2/JwPZHw==
    dependencies:
      "@yarnpkg/core" "^3.2.0-rc.10"
      "@yarnpkg/fslib" "^2.6.1-rc.5"
  
  "@yarnpkg/parsers@^2.5.0-rc.8":
    version "2.5.0-rc.8"
    resolved "https://npm.xiaodiankeji.net/@yarnpkg%2fparsers/-/parsers-2.5.0-rc.8.tgz#2b3032ebf2b772998101c792134a3a1ccead2023"
    integrity sha512-SKwYysjXYF/1Qd/atEvm4a4m92QvPwza0ye3T/p/huVp9fAkvPnQw49E+M4/2lnT+DY0rljjp57xkYkrSdpetQ==
    dependencies:
      js-yaml "^3.10.0"
      tslib "^1.13.0"
  
  "@yarnpkg/plugin-compat@^3.1.2-rc.6":
    version "3.1.2-rc.6"
    resolved "https://npm.xiaodiankeji.net/@yarnpkg%2fplugin-compat/-/plugin-compat-3.1.2-rc.6.tgz#a0f42959710625899f73ac50d7c2547422339fb3"
    integrity sha512-l0OkRy3sPu48lGwIGbgkv8pVeuTDY8mCczy6Ooj/Rm0ftaAizOuexSSApbgL0NpsSBvPzyq6BCqzOv4q9D1fDg==
  
  "@yarnpkg/plugin-dlx@^3.1.1":
    version "3.1.1"
    resolved "https://npm.xiaodiankeji.net/@yarnpkg%2fplugin-dlx/-/plugin-dlx-3.1.1.tgz#bb9843cc8a53d93adfb67e362083354780ff2518"
    integrity sha1-u5hDzIpT2Trftn42IIM1R4D/JRg=
    dependencies:
      "@yarnpkg/fslib" "^2.6.0"
      "@yarnpkg/json-proxy" "^2.1.1"
      clipanion "^3.0.1"
      tslib "^1.13.0"
  
  "@yarnpkg/plugin-essentials@^3.2.0-rc.8":
    version "3.2.0-rc.8"
    resolved "https://npm.xiaodiankeji.net/@yarnpkg%2fplugin-essentials/-/plugin-essentials-3.2.0-rc.8.tgz#165e4ce54a86e83eb8ca269e421ee701d0dfc628"
    integrity sha512-i32jnhk4khnVHsp4VUkiUG96tsTwQyL9v9NZ382Df3Muy14GX1/+8WT6cCoPJ5R8B5vo3XaT73XoflPWp7ik5Q==
    dependencies:
      "@yarnpkg/fslib" "^2.6.1-rc.5"
      "@yarnpkg/json-proxy" "^2.1.1"
      "@yarnpkg/parsers" "^2.5.0-rc.8"
      ci-info "^3.2.0"
      clipanion "^3.2.0-rc.4"
      enquirer "^2.3.6"
      lodash "^4.17.15"
      micromatch "^4.0.2"
      semver "^7.1.2"
      tslib "^1.13.0"
      typanion "^3.3.0"
  
  "@yarnpkg/plugin-file@^2.3.0":
    version "2.3.0"
    resolved "https://npm.xiaodiankeji.net/@yarnpkg%2fplugin-file/-/plugin-file-2.3.0.tgz#f3a5e885cb482ffb328bd05ff51a7ae912fcd08d"
    integrity sha1-86XohctIL/syi9Bf9Rp66RL80I0=
    dependencies:
      "@yarnpkg/fslib" "^2.6.0"
      tslib "^1.13.0"
  
  "@yarnpkg/plugin-git@^2.6.0-rc.10":
    version "2.6.0-rc.10"
    resolved "https://npm.xiaodiankeji.net/@yarnpkg%2fplugin-git/-/plugin-git-2.6.0-rc.10.tgz#165e01598d0de9144fb28992696db9cd722d4bf8"
    integrity sha512-PrgpZtMmf0C/ZVZQgsON6jJp8VkXwx3YLrmdxii+6Rv7I3blg4idIwV0ZDziq4Yk/KCgnDFuQdS+ramC+7SsGA==
    dependencies:
      "@types/semver" "^7.1.0"
      "@yarnpkg/fslib" "^2.6.1-rc.5"
      clipanion "^3.2.0-rc.4"
      git-url-parse "11.1.2"
      lodash "^4.17.15"
      semver "^7.1.2"
      tslib "^1.13.0"
  
  "@yarnpkg/plugin-github@^2.3.0":
    version "2.3.0"
    resolved "https://npm.xiaodiankeji.net/@yarnpkg%2fplugin-github/-/plugin-github-2.3.0.tgz#0899337d2868e5b1c3d4de570ec8cf91ef6b3132"
    integrity sha1-CJkzfSho5bHD1N5XDsjPke9rMTI=
    dependencies:
      "@yarnpkg/fslib" "^2.6.0"
      tslib "^1.13.0"
  
  "@yarnpkg/plugin-http@^2.2.0":
    version "2.2.0"
    resolved "https://npm.xiaodiankeji.net/@yarnpkg%2fplugin-http/-/plugin-http-2.2.0.tgz#eeb94c5fbd582c42cadf9e430491dc5593b24ecc"
    integrity sha1-7rlMX71YLELK355DBJHcVZOyTsw=
    dependencies:
      "@yarnpkg/fslib" "^2.6.0"
      tslib "^1.13.0"
  
  "@yarnpkg/plugin-init@^3.1.1":
    version "3.1.1"
    resolved "https://npm.xiaodiankeji.net/@yarnpkg%2fplugin-init/-/plugin-init-3.1.1.tgz#f6001dde84723126333d4296273356d92b67a9da"
    integrity sha1-9gAd3oRyMSYzPUKWJzNW2Stnqdo=
    dependencies:
      "@yarnpkg/fslib" "^2.6.0"
      clipanion "^3.0.1"
      lodash "^4.17.15"
      tslib "^1.13.0"
  
  "@yarnpkg/plugin-link@^2.2.0":
    version "2.2.0"
    resolved "https://npm.xiaodiankeji.net/@yarnpkg%2fplugin-link/-/plugin-link-2.2.0.tgz#9ad2dcfcbefd7bfbe0549f3509a5af7937c48aa2"
    integrity sha1-mtLc/L79e/vgVJ81CaWveTfEiqI=
    dependencies:
      "@yarnpkg/fslib" "^2.6.0"
      tslib "^1.13.0"
  
  "@yarnpkg/plugin-nm@^3.1.1-rc.10":
    version "3.1.1-rc.10"
    resolved "https://npm.xiaodiankeji.net/@yarnpkg%2fplugin-nm/-/plugin-nm-3.1.1-rc.10.tgz#e4c0a3054c78a874bdc2bcfbc41d7a7f8a55c0bb"
    integrity sha512-UL9mrOG9d24D6a/eYsoaRBvcHzf+WT5PR8pv0W8yPdqXxwubJUKjLlWvHo1/U4Jj47DZbPOncmUzcQzFvagWwQ==
    dependencies:
      "@yarnpkg/fslib" "^2.6.1-rc.5"
      "@yarnpkg/libzip" "^2.2.3-rc.5"
      "@yarnpkg/nm" "^3.0.1-rc.10"
      "@yarnpkg/parsers" "^2.5.0-rc.8"
      "@yarnpkg/plugin-pnp" "^3.1.2-rc.10"
      "@yarnpkg/pnp" "^3.1.1-rc.10"
      "@zkochan/cmd-shim" "^5.1.0"
      clipanion "^3.2.0-rc.4"
      micromatch "^4.0.2"
      tslib "^1.13.0"
  
  "@yarnpkg/plugin-npm-cli@^3.2.0-rc.3":
    version "3.2.0-rc.3"
    resolved "https://npm.xiaodiankeji.net/@yarnpkg%2fplugin-npm-cli/-/plugin-npm-cli-3.2.0-rc.3.tgz#0bc5f813553329825f4405de7219b0433618141c"
    integrity sha512-l5Ao2gsNFjwKQ/9YVLHBgybf0kL83zF/ga+LLyNpBgBfHx6RJCUn5jgvXN/o2YoO2yonTCHgVCSbNexft9VuOA==
    dependencies:
      "@yarnpkg/fslib" "^2.6.1-rc.5"
      clipanion "^3.2.0-rc.4"
      enquirer "^2.3.6"
      semver "^7.1.2"
      tslib "^1.13.0"
      typanion "^3.3.0"
  
  "@yarnpkg/plugin-npm@^2.7.0-rc.3":
    version "2.7.0-rc.3"
    resolved "https://npm.xiaodiankeji.net/@yarnpkg%2fplugin-npm/-/plugin-npm-2.7.0-rc.3.tgz#3823eca102aeea1aeaf600038ad4b700e00efb20"
    integrity sha512-1D+byvwyPqKoK4dWrZBKYCYX2OIAQGHjkX6irTjq/2xRU+uFgNoR1o0BOYmGDCSDers+DNmertNUH8iD2rwrcw==
    dependencies:
      "@yarnpkg/fslib" "^2.6.1-rc.5"
      enquirer "^2.3.6"
      semver "^7.1.2"
      ssri "^6.0.1"
      tslib "^1.13.0"
  
  "@yarnpkg/plugin-pack@^3.1.0":
    version "3.1.0"
    resolved "https://npm.xiaodiankeji.net/@yarnpkg%2fplugin-pack/-/plugin-pack-3.1.0.tgz#875064fd7fb4eb6682875c498bc0c23bcc288fa0"
    integrity sha1-h1Bk/X+062aCh1xJi8DCO8woj6A=
    dependencies:
      "@yarnpkg/fslib" "^2.6.0"
      clipanion "^3.0.1"
      micromatch "^4.0.2"
      tar-stream "^2.0.1"
      tslib "^1.13.0"
  
  "@yarnpkg/plugin-patch@^3.2.0-rc.1":
    version "3.2.0-rc.1"
    resolved "https://npm.xiaodiankeji.net/@yarnpkg%2fplugin-patch/-/plugin-patch-3.2.0-rc.1.tgz#9c282fc61d4f092941a440e9cbd98cd1cab36def"
    integrity sha512-wx2tgj302x3PWMnigS97+YYvLUIqsGDm3FoNdeXGK9n57zZi21CsnPEgGOYuyASOtvUKGq5FWlkmG+IxHjvC5g==
    dependencies:
      "@yarnpkg/fslib" "^2.6.1-rc.5"
      "@yarnpkg/libzip" "^2.2.3-rc.5"
      clipanion "^3.2.0-rc.4"
      tslib "^1.13.0"
  
  "@yarnpkg/plugin-pnp@^3.1.2-rc.10":
    version "3.1.2-rc.10"
    resolved "https://npm.xiaodiankeji.net/@yarnpkg%2fplugin-pnp/-/plugin-pnp-3.1.2-rc.10.tgz#2076332802f785d2898af3d41db6fd899b53dad3"
    integrity sha512-uLUtpssNPQvgbg4RQ01PFU29M91azMzgwxBDdAv1YJQqKStlNNOczy7yL2Udks4JlsSne8w9b5026vzI+czUJA==
    dependencies:
      "@types/semver" "^7.1.0"
      "@yarnpkg/fslib" "^2.6.1-rc.5"
      "@yarnpkg/plugin-stage" "^3.1.1"
      "@yarnpkg/pnp" "^3.1.1-rc.10"
      clipanion "^3.2.0-rc.4"
      micromatch "^4.0.2"
      semver "^7.1.2"
      tslib "^1.13.0"
  
  "@yarnpkg/plugin-pnpm@^1.1.0-rc.8":
    version "1.1.0-rc.8"
    resolved "https://npm.xiaodiankeji.net/@yarnpkg%2fplugin-pnpm/-/plugin-pnpm-1.1.0-rc.8.tgz#a99ee4d5c0f3bb3f44b771bfaa38d2006065b213"
    integrity sha512-WHvA646yYQQdV1wPVAw5a1Ngq3iTPcp/QATaOctmWG9DRXlSgi5j6+9rotgSPsJOS9l098NPBl/d8y6u7FQmsw==
    dependencies:
      "@yarnpkg/fslib" "^2.6.1-rc.5"
      "@yarnpkg/plugin-pnp" "^3.1.2-rc.10"
      "@yarnpkg/plugin-stage" "^3.1.1"
      clipanion "^3.2.0-rc.4"
      p-limit "^2.2.0"
      tslib "^1.13.0"
  
  "@yarnpkg/plugin-stage@^3.1.1":
    version "3.1.1"
    resolved "https://npm.xiaodiankeji.net/@yarnpkg%2fplugin-stage/-/plugin-stage-3.1.1.tgz#454784aa695d1e39f1aaedb895faf8d3bee3afdf"
    integrity sha1-RUeEqmldHjnxqu24lfr4077jr98=
    dependencies:
      "@yarnpkg/fslib" "^2.6.0"
      clipanion "^3.0.1"
      tslib "^1.13.0"
  
  "@yarnpkg/pnp@^3.1.1-rc.10":
    version "3.1.1-rc.10"
    resolved "https://npm.xiaodiankeji.net/@yarnpkg%2fpnp/-/pnp-3.1.1-rc.10.tgz#8e0e94e31a4ca032fd1787c39328cd54baac908c"
    integrity sha512-YCmHB5Hoj0aiLyp0+KBfKi4jX1IdebcBzIoR68P+CEK1K/3O/dwcGR1yuOqewAKoH/ylnnGoKwZ0AZp+/BRR3Q==
    dependencies:
      "@types/node" "^13.7.0"
      "@yarnpkg/fslib" "^2.6.1-rc.5"
  
  "@yarnpkg/shell@^3.2.0-rc.8":
    version "3.2.0-rc.8"
    resolved "https://npm.xiaodiankeji.net/@yarnpkg%2fshell/-/shell-3.2.0-rc.8.tgz#0c0e7cfc12b4a7da776aa04469c1e2a002d6c841"
    integrity sha512-UEcdjx+0gUwa3N/fWfnlqae//b7cNc1Imla+W7jqc9XMoydk3CG5EISx+5KY2hjrhpaZ55bXUP9Z6q0mjo+KdA==
    dependencies:
      "@yarnpkg/fslib" "^2.6.1-rc.5"
      "@yarnpkg/parsers" "^2.5.0-rc.8"
      chalk "^3.0.0"
      clipanion "^3.2.0-rc.4"
      cross-spawn "7.0.3"
      fast-glob "^3.2.2"
      micromatch "^4.0.2"
      stream-buffers "^3.0.2"
      tslib "^1.13.0"
  
  "@zkochan/cmd-shim@^5.1.0":
    version "5.2.1"
    resolved "https://npm.xiaodiankeji.net/@zkochan%2fcmd-shim/-/cmd-shim-5.2.1.tgz#33e89b8646cd040b03cae7053d06565a3efb861b"
    integrity sha1-M+ibhkbNBAsDyucFPQZWWj77hhs=
    dependencies:
      cmd-extension "^1.0.1"
      is-windows "^1.0.2"
  
  ansi-colors@^4.1.1:
    version "4.1.1"
    resolved "https://npm.xiaodiankeji.net/ansi-colors/-/ansi-colors-4.1.1.tgz#cbb9ae256bf750af1eab344f229aa27fe94ba348"
    integrity sha512-JoX0apGbHaUJBNl6yF+p6JAFYZ666/hhCGKN5t9QFjbJQKUU/g8MNbFDbvfrgKXvI1QpZplPOnwIo99lX/AAmA==
  
  ansi-regex@^5.0.1:
    version "5.0.1"
    resolved "https://npm.xiaodiankeji.net/ansi-regex/-/ansi-regex-5.0.1.tgz#082cb2c89c9fe8659a311a53bd6a4dc5301db304"
    integrity sha1-CCyyyJyf6GWaMRpTvWpNxTAdswQ=
  
  ansi-styles@^4.1.0:
    version "4.3.0"
    resolved "https://npm.xiaodiankeji.net/ansi-styles/-/ansi-styles-4.3.0.tgz#edd803628ae71c04c85ae7a0906edad34b648937"
    integrity sha1-7dgDYornHATIWuegkG7a00tkiTc=
    dependencies:
      color-convert "^2.0.1"
  
  any-promise@^1.1.0, any-promise@~1.3.0:
    version "1.3.0"
    resolved "https://npm.xiaodiankeji.net/any-promise/-/any-promise-1.3.0.tgz#abc6afeedcea52e809cdc0376aed3ce39635d17f"
    integrity sha1-q8av7tzqUugJzcA3au0845Y10X8=
  
  argparse@^1.0.7:
    version "1.0.10"
    resolved "https://npm.xiaodiankeji.net/argparse/-/argparse-1.0.10.tgz#bcd6791ea5ae09725e17e5ad988134cd40b3d911"
    integrity sha512-o5Roy6tNG4SL/FOkCAN6RzjiakZS25RLYFrcMttJqbdd8BWrnA+fGz57iN5Pb06pvBGvl5gQ0B48dJlslXvoTg==
    dependencies:
      sprintf-js "~1.0.2"
  
  array-union@^2.1.0:
    version "2.1.0"
    resolved "https://npm.xiaodiankeji.net/array-union/-/array-union-2.1.0.tgz#b798420adbeb1de828d84acd8a2e23d3efe85e8d"
    integrity sha512-HGyxoOTYUyCM6stUe6EJgnd4EoewAI7zMdfqO+kGjnlZmBDz/cR5pf8r/cR4Wq60sL/p0IkcjUEEPwS3GFrIyw==
  
  asap@~2.0.3:
    version "2.0.6"
    resolved "https://npm.xiaodiankeji.net/asap/-/asap-2.0.6.tgz#e50347611d7e690943208bbdafebcbc2fb866d46"
    integrity sha1-5QNHYR1+aQlDIIu9r+vLwvuGbUY=
  
  base64-js@^1.3.1:
    version "1.5.1"
    resolved "https://npm.xiaodiankeji.net/base64-js/-/base64-js-1.5.1.tgz#1b1b440160a5bf7ad40b650f095963481903930a"
    integrity sha1-GxtEAWClv3rUC2UPCVljSBkDkwo=
  
  bl@^4.0.3:
    version "4.1.0"
    resolved "https://npm.xiaodiankeji.net/bl/-/bl-4.1.0.tgz#451535264182bec2fbbc83a62ab98cf11d9f7b3a"
    integrity sha1-RRU1JkGCvsL7vIOmKrmM8R2fezo=
    dependencies:
      buffer "^5.5.0"
      inherits "^2.0.4"
      readable-stream "^3.4.0"
  
  braces@^3.0.1:
    version "3.0.2"
    resolved "https://npm.xiaodiankeji.net/braces/-/braces-3.0.2.tgz#3454e1a462ee8d599e236df336cd9ea4f8afe107"
    integrity sha512-b8um+L1RzM3WDSzvhm6gIz1yfTbBt6YTlcEKAvsmqCZZFw46z626lVj9j1yEPW33H5H+lBQpZMP1k8l+78Ha0A==
    dependencies:
      fill-range "^7.0.1"
  
  buffer@^5.5.0:
    version "5.7.1"
    resolved "https://npm.xiaodiankeji.net/buffer/-/buffer-5.7.1.tgz#ba62e7c13133053582197160851a8f648e99eed0"
    integrity sha1-umLnwTEzBTWCGXFghRqPZI6Z7tA=
    dependencies:
      base64-js "^1.3.1"
      ieee754 "^1.1.13"
  
  cacheable-lookup@^5.0.3:
    version "5.0.4"
    resolved "https://npm.xiaodiankeji.net/cacheable-lookup/-/cacheable-lookup-5.0.4.tgz#5a6b865b2c44357be3d5ebc2a467b032719a7005"
    integrity sha1-WmuGWyxENXvj1evCpGewMnGacAU=
  
  cacheable-request@^7.0.2:
    version "7.0.2"
    resolved "https://npm.xiaodiankeji.net/cacheable-request/-/cacheable-request-7.0.2.tgz#ea0d0b889364a25854757301ca12b2da77f91d27"
    integrity sha1-6g0LiJNkolhUdXMByhKy2nf5HSc=
    dependencies:
      clone-response "^1.0.2"
      get-stream "^5.1.0"
      http-cache-semantics "^4.0.0"
      keyv "^4.0.0"
      lowercase-keys "^2.0.0"
      normalize-url "^6.0.1"
      responselike "^2.0.0"
  
  call-bind@^1.0.0:
    version "1.0.2"
    resolved "https://npm.xiaodiankeji.net/call-bind/-/call-bind-1.0.2.tgz#b1d4e89e688119c3c9a903ad30abb2f6a919be3c"
    integrity sha1-sdTonmiBGcPJqQOtMKuy9qkZvjw=
    dependencies:
      function-bind "^1.1.1"
      get-intrinsic "^1.0.2"
  
  camelcase@^5.3.1:
    version "5.3.1"
    resolved "https://npm.xiaodiankeji.net/camelcase/-/camelcase-5.3.1.tgz#e3c9b31569e106811df242f715725a1f4c494320"
    integrity sha512-L28STB170nwWS63UjtlEOE3dldQApaJXZkOI1uMFfzf3rRuPegHaHesyee+YxQ+W6SvRDQV6UrdOdRiR153wJg==
  
  chalk@^3.0.0:
    version "3.0.0"
    resolved "https://npm.xiaodiankeji.net/chalk/-/chalk-3.0.0.tgz#3f73c2bf526591f574cc492c51e2456349f844e4"
    integrity sha512-4D3B6Wf41KOYRFdszmDqMCGq5VV/uMAB273JILmO+3jAlh8X4qDtdtgCR3fxtbLEMzSx22QdhnDcJvu2u1fVwg==
    dependencies:
      ansi-styles "^4.1.0"
      supports-color "^7.1.0"
  
  chevrotain@^9.1.0:
    version "9.1.0"
    resolved "https://npm.xiaodiankeji.net/chevrotain/-/chevrotain-9.1.0.tgz#ca2a811372687ad6f4d11c063cd27a26e5fbd52d"
    integrity sha512-A86/55so63HCfu0dgGg3j9u8uuuBOrSqly1OhBZxRu2x6sAKILLzfVjbGMw45kgier6lz45EzcjjWtTRgoT84Q==
    dependencies:
      "@chevrotain/types" "^9.1.0"
      "@chevrotain/utils" "^9.1.0"
      regexp-to-ast "0.5.0"
  
  chownr@^2.0.0:
    version "2.0.0"
    resolved "https://npm.xiaodiankeji.net/chownr/-/chownr-2.0.0.tgz#15bfbe53d2eab4cf70f18a8cd68ebe5b3cb1dece"
    integrity sha512-bIomtDF5KGpdogkLd9VspvFzk9KfpyyGlS8YFVZl7TGPBHL5snIOnxeshwVgPteQ9b4Eydl+pVbIyE1DcvCWgQ==
  
  ci-info@^3.2.0:
    version "3.3.0"
    resolved "https://npm.xiaodiankeji.net/ci-info/-/ci-info-3.3.0.tgz#b4ed1fb6818dea4803a55c623041f9165d2066b2"
    integrity sha512-riT/3vI5YpVH6/qomlDnJow6TBee2PBKSEpx3O32EGPYbWGIRsIlGRms3Sm74wYE1JMo8RnO04Hb12+v1J5ICw==
  
  clipanion@^3.0.1:
    version "3.1.0"
    resolved "https://npm.xiaodiankeji.net/clipanion/-/clipanion-3.1.0.tgz#3e217dd6476bb9236638b07eb4673f7309839819"
    integrity sha1-PiF91kdruSNmOLB+tGc/cwmDmBk=
    dependencies:
      typanion "^3.3.1"
  
  clipanion@^3.2.0-rc.4:
    version "3.2.0-rc.5"
    resolved "https://npm.xiaodiankeji.net/clipanion/-/clipanion-3.2.0-rc.5.tgz#e52c58139ddd7322c0bdbdb7ba4a6f3a9962ab9e"
    integrity sha512-qCOhL+TRE6JpmBNkT6v3VhqdWGDYv1DUcPTHfggd1x1njLRS8/i/zShUWW1j4iW2P3nTG3s7GTnHZkjhGxC1gg==
    dependencies:
      typanion "^3.3.1"
  
  clone-response@^1.0.2:
    version "1.0.2"
    resolved "https://npm.xiaodiankeji.net/clone-response/-/clone-response-1.0.2.tgz#d1dc973920314df67fbeb94223b4ee350239e96b"
    integrity sha1-0dyXOSAxTfZ/vrlCI7TuNQI56Ws=
    dependencies:
      mimic-response "^1.0.0"
  
  cmd-extension@^1.0.1:
    version "1.0.2"
    resolved "https://npm.xiaodiankeji.net/cmd-extension/-/cmd-extension-1.0.2.tgz#6cce0233938f02f03d18a1198de5dfe546c80a82"
    integrity sha1-bM4CM5OPAvA9GKEZjeXf5UbICoI=
  
  color-convert@^2.0.1:
    version "2.0.1"
    resolved "https://npm.xiaodiankeji.net/color-convert/-/color-convert-2.0.1.tgz#72d3a68d598c9bdb3af2ad1e84f21d896abd4de3"
    integrity sha512-RRECPsj7iu/xb5oKYcsFHSppFNnsj/52OVTRKb4zP5onXwVF3zVmmToNcOfGC+CRDpfK/U584fMg38ZHCaElKQ==
    dependencies:
      color-name "~1.1.4"
  
  color-name@~1.1.4:
    version "1.1.4"
    resolved "https://npm.xiaodiankeji.net/color-name/-/color-name-1.1.4.tgz#c2a09a87acbde69543de6f63fa3995c826c536a2"
    integrity sha512-dOy+3AuW3a2wNbZHIuMZpTcgjGuLU/uBL/ubcZF9OXbDo8ff4O8yVp5Bf0efS8uEoYo5q4Fx7dY9OgQGXgAsQA==
  
  cross-spawn@7.0.3:
    version "7.0.3"
    resolved "https://npm.xiaodiankeji.net/cross-spawn/-/cross-spawn-7.0.3.tgz#f73a85b9d5d41d045551c177e2882d4ac85728a6"
    integrity sha1-9zqFudXUHQRVUcF34ogtSshXKKY=
    dependencies:
      path-key "^3.1.0"
      shebang-command "^2.0.0"
      which "^2.0.1"
  
  decode-uri-component@^0.2.0:
    version "0.2.0"
    resolved "https://npm.xiaodiankeji.net/decode-uri-component/-/decode-uri-component-0.2.0.tgz#eb3913333458775cb84cd1a1fae062106bb87545"
    integrity sha1-6zkTMzRYd1y4TNGh+uBiEGu4dUU=
  
  decompress-response@^6.0.0:
    version "6.0.0"
    resolved "https://npm.xiaodiankeji.net/decompress-response/-/decompress-response-6.0.0.tgz#ca387612ddb7e104bd16d85aab00d5ecf09c66fc"
    integrity sha1-yjh2Et234QS9FthaqwDV7PCcZvw=
    dependencies:
      mimic-response "^3.1.0"
  
  defer-to-connect@^2.0.0:
    version "2.0.1"
    resolved "https://npm.xiaodiankeji.net/defer-to-connect/-/defer-to-connect-2.0.1.tgz#8016bdb4143e4632b77a3449c6236277de520587"
    integrity sha1-gBa9tBQ+RjK3ejRJxiNid95SBYc=
  
  define-lazy-prop@^2.0.0:
    version "2.0.0"
    resolved "https://npm.xiaodiankeji.net/define-lazy-prop/-/define-lazy-prop-2.0.0.tgz#3f7ae421129bcaaac9bc74905c98a0009ec9ee7f"
    integrity sha1-P3rkIRKbyqrJvHSQXJigAJ7J7n8=
  
  define-properties@^1.1.3:
    version "1.1.3"
    resolved "https://npm.xiaodiankeji.net/define-properties/-/define-properties-1.1.3.tgz#cf88da6cbee26fe6db7094f61d870cbd84cee9f1"
    integrity sha512-3MqfYKj2lLzdMSf8ZIZE/V+Zuy+BgD6f164e8K2w7dgnpKArBDerGYpM46IYYcjnkdPNMjPk9A6VFB8+3SKlXQ==
    dependencies:
      object-keys "^1.0.12"
  
  diff@^4.0.1:
    version "4.0.2"
    resolved "https://npm.xiaodiankeji.net/diff/-/diff-4.0.2.tgz#60f3aecb89d5fae520c11aa19efc2bb982aade7d"
    integrity sha512-58lmxKSA4BNyLz+HHMUzlOEpg09FV+ev6ZMe3vJihgdxzgcwZ8VoEEPmALCZG9LmqfVoNMMKpttIYTVG6uDY7A==
  
  dir-glob@^3.0.1:
    version "3.0.1"
    resolved "https://npm.xiaodiankeji.net/dir-glob/-/dir-glob-3.0.1.tgz#56dbf73d992a4a93ba1584f4534063fd2e41717f"
    integrity sha512-WkrWp9GR4KXfKGYzOLmTuGVi1UWFfws377n9cc55/tb6DuqyF6pcQ5AbiHEshaDpY9v6oaSr2XCDidGmMwdzIA==
    dependencies:
      path-type "^4.0.0"
  
  end-of-stream@^1.1.0, end-of-stream@^1.4.1:
    version "1.4.4"
    resolved "https://npm.xiaodiankeji.net/end-of-stream/-/end-of-stream-1.4.4.tgz#5ae64a5f45057baf3626ec14da0ca5e4b2431eb0"
    integrity sha512-+uw1inIHVPQoaVuHzRyXd21icM+cnt4CzD5rW+NC1wjOUSTOs+Te7FOv7AhN7vS9x/oIyhLP5PR1H+phQAHu5Q==
    dependencies:
      once "^1.4.0"
  
  end-of-stream@~1.1.0:
    version "1.1.0"
    resolved "https://npm.xiaodiankeji.net/end-of-stream/-/end-of-stream-1.1.0.tgz#e9353258baa9108965efc41cb0ef8ade2f3cfb07"
    integrity sha1-6TUyWLqpEIll78QcsO+K3i88+wc=
    dependencies:
      once "~1.3.0"
  
  enquirer@^2.3.6:
    version "2.3.6"
    resolved "https://npm.xiaodiankeji.net/enquirer/-/enquirer-2.3.6.tgz#2a7fe5dd634a1e4125a975ec994ff5456dc3734d"
    integrity sha1-Kn/l3WNKHkElqXXsmU/1RW3Dc00=
    dependencies:
      ansi-colors "^4.1.1"
  
  "esbuild@npm:esbuild-wasm@^0.11.20":
    version "0.11.23"
    resolved "https://npm.xiaodiankeji.net/esbuild-wasm/-/esbuild-wasm-0.11.23.tgz#cb6a5321bbca722272f14fc2ee613af6fe9775db"
    integrity sha1-y2pTIbvKciJy8U/C7mE69v6Xdds=
  
  esprima@^4.0.0:
    version "4.0.1"
    resolved "https://npm.xiaodiankeji.net/esprima/-/esprima-4.0.1.tgz#13b04cdb3e6c5d19df91ab6987a8695619b0aa71"
    integrity sha512-eGuFFw7Upda+g4p+QHvnW0RyTX/SVeJBDM/gCtMARO0cLuT2HcEKnTPvhjV6aGeqrCB/sbNop0Kszm0jsaWU4A==
  
  eventemitter3@^4.0.4:
    version "4.0.7"
    resolved "https://npm.xiaodiankeji.net/eventemitter3/-/eventemitter3-4.0.7.tgz#2de9b68f6528d5644ef5c59526a1b4a07306169f"
    integrity sha1-Lem2j2Uo1WRO9cWVJqG0oHMGFp8=
  
  fast-glob@^3.2.2, fast-glob@^3.2.9:
    version "3.2.10"
    resolved "https://npm.xiaodiankeji.net/fast-glob/-/fast-glob-3.2.10.tgz#2734f83baa7f43b7fd41e13bc34438f4ffe284ee"
    integrity sha512-s9nFhFnvR63wls6/kM88kQqDhMu0AfdjqouE2l5GVQPbqLgyFjjU5ry/r2yKsJxpb9Py1EYNqieFrmMaX4v++A==
    dependencies:
      "@nodelib/fs.stat" "^2.0.2"
      "@nodelib/fs.walk" "^1.2.3"
      glob-parent "^5.1.2"
      merge2 "^1.3.0"
      micromatch "^4.0.4"
  
  fastq@^1.6.0:
    version "1.13.0"
    resolved "https://npm.xiaodiankeji.net/fastq/-/fastq-1.13.0.tgz#616760f88a7526bdfc596b7cab8c18938c36b98c"
    integrity sha1-YWdg+Ip1Jr38WWt8q4wYk4w2uYw=
    dependencies:
      reusify "^1.0.4"
  
  figgy-pudding@^3.5.1:
    version "3.5.2"
    resolved "https://npm.xiaodiankeji.net/figgy-pudding/-/figgy-pudding-3.5.2.tgz#b4eee8148abb01dcf1d1ac34367d59e12fa61d6e"
    integrity sha1-tO7oFIq7Adzx0aw0Nn1Z4S+mHW4=
  
  fill-range@^7.0.1:
    version "7.0.1"
    resolved "https://npm.xiaodiankeji.net/fill-range/-/fill-range-7.0.1.tgz#1919a6a7c75fe38b2c7c77e5198535da9acdda40"
    integrity sha512-qOo9F+dMUmC2Lcb4BbVvnKJxTPjCm+RRpe4gDuGrzkL7mEVl/djYSu2OdQ2Pa302N4oqkSg9ir6jaLWJ2USVpQ==
    dependencies:
      to-regex-range "^5.0.1"
  
  filter-obj@^1.1.0:
    version "1.1.0"
    resolved "https://npm.xiaodiankeji.net/filter-obj/-/filter-obj-1.1.0.tgz#9b311112bc6c6127a16e016c6c5d7f19e0805c5b"
    integrity sha1-mzERErxsYSehbgFsbF1/GeCAXFs=
  
  fs-constants@^1.0.0:
    version "1.0.0"
    resolved "https://npm.xiaodiankeji.net/fs-constants/-/fs-constants-1.0.0.tgz#6be0de9be998ce16af8afc24497b9ee9b7ccd9ad"
    integrity sha512-y6OAwoSIf7FyjMIv94u+b5rdheZEjzR63GTyZJm5qh4Bi+2YgwLCcI/fPFZkL5PSixOt6ZNKm+w+Hfp/Bciwow==
  
  fs-minipass@^2.0.0:
    version "2.1.0"
    resolved "https://npm.xiaodiankeji.net/fs-minipass/-/fs-minipass-2.1.0.tgz#7f5036fdbf12c63c169190cbe4199c852271f9fb"
    integrity sha512-V/JgOLFCS+R6Vcq0slCuaeWEdNC3ouDlJMNIsacH2VtALiu9mV4LPrHc5cDl8k5aw6J8jwgWWpiTo5RYhmIzvg==
    dependencies:
      minipass "^3.0.0"
  
  function-bind@^1.1.1:
    version "1.1.1"
    resolved "https://npm.xiaodiankeji.net/function-bind/-/function-bind-1.1.1.tgz#a56899d3ea3c9bab874bb9773b7c5ede92f4895d"
    integrity sha512-yIovAzMX49sF8Yl58fSCWJ5svSLuaibPxXQJFLmBObTuCr0Mf1KiPopGM9NiFjiYBCbfaa2Fh6breQ6ANVTI0A==
  
  get-intrinsic@^1.0.2:
    version "1.1.1"
    resolved "https://npm.xiaodiankeji.net/get-intrinsic/-/get-intrinsic-1.1.1.tgz#15f59f376f855c446963948f0d24cd3637b4abc6"
    integrity sha1-FfWfN2+FXERpY5SPDSTNNje0q8Y=
    dependencies:
      function-bind "^1.1.1"
      has "^1.0.3"
      has-symbols "^1.0.1"
  
  get-stream@^5.1.0:
    version "5.2.0"
    resolved "https://npm.xiaodiankeji.net/get-stream/-/get-stream-5.2.0.tgz#4966a1795ee5ace65e706c4b7beb71257d6e22d3"
    integrity sha1-SWaheV7lrOZecGxLe+txJX1uItM=
    dependencies:
      pump "^3.0.0"
  
  git-up@^4.0.0:
    version "4.0.5"
    resolved "https://npm.xiaodiankeji.net/git-up/-/git-up-4.0.5.tgz#e7bb70981a37ea2fb8fe049669800a1f9a01d759"
    integrity sha1-57twmBo36i+4/gSWaYAKH5oB11k=
    dependencies:
      is-ssh "^1.3.0"
      parse-url "^6.0.0"
  
  git-url-parse@11.1.2:
    version "11.1.2"
    resolved "https://npm.xiaodiankeji.net/git-url-parse/-/git-url-parse-11.1.2.tgz#aff1a897c36cc93699270587bea3dbcbbb95de67"
    integrity sha512-gZeLVGY8QVKMIkckncX+iCq2/L8PlwncvDFKiWkBn9EtCfYDbliRTTp6qzyQ1VMdITUfq7293zDzfpjdiGASSQ==
    dependencies:
      git-up "^4.0.0"
  
  glob-parent@^5.1.2:
    version "5.1.2"
    resolved "https://npm.xiaodiankeji.net/glob-parent/-/glob-parent-5.1.2.tgz#869832c58034fe68a4093c17dc15e8340d8401c4"
    integrity sha1-hpgyxYA0/mikCTwX3BXoNA2EAcQ=
    dependencies:
      is-glob "^4.0.1"
  
  globby@^11.0.1:
    version "11.1.0"
    resolved "https://npm.xiaodiankeji.net/globby/-/globby-11.1.0.tgz#bd4be98bb042f83d796f7e3811991fbe82a0d34b"
    integrity sha512-jhIXaOzy1sb8IyocaruWSn1TjmnBVs8Ayhcy83rmxNJ8q2uWKCAj3CnJY+KpGSXCueAPc0i05kVvVKtP1t9S3g==
    dependencies:
      array-union "^2.1.0"
      dir-glob "^3.0.1"
      fast-glob "^3.2.9"
      ignore "^5.2.0"
      merge2 "^1.4.1"
      slash "^3.0.0"
  
  got@^11.7.0:
    version "11.8.3"
    resolved "https://npm.xiaodiankeji.net/got/-/got-11.8.3.tgz#f496c8fdda5d729a90b4905d2b07dbd148170770"
    integrity sha1-9JbI/dpdcpqQtJBdKwfb0UgXB3A=
    dependencies:
      "@sindresorhus/is" "^4.0.0"
      "@szmarczak/http-timer" "^4.0.5"
      "@types/cacheable-request" "^6.0.1"
      "@types/responselike" "^1.0.0"
      cacheable-lookup "^5.0.3"
      cacheable-request "^7.0.2"
      decompress-response "^6.0.0"
      http2-wrapper "^1.0.0-beta.5.2"
      lowercase-keys "^2.0.0"
      p-cancelable "^2.0.0"
      responselike "^2.0.0"
  
  grapheme-splitter@^1.0.4:
    version "1.0.4"
    resolved "https://npm.xiaodiankeji.net/grapheme-splitter/-/grapheme-splitter-1.0.4.tgz#9cf3a665c6247479896834af35cf1dbb4400767e"
    integrity sha1-nPOmZcYkdHmJaDSvNc8du0QAdn4=
  
  has-flag@^4.0.0:
    version "4.0.0"
    resolved "https://npm.xiaodiankeji.net/has-flag/-/has-flag-4.0.0.tgz#944771fd9c81c81265c4d6941860da06bb59479b"
    integrity sha512-EykJT/Q1KjTWctppgIAgfSO0tKVuZUjhgMr17kqTumMl6Afv3EISleU7qZUzoXDFTAHTDC4NOoG/ZxU3EvlMPQ==
  
  has-symbols@^1.0.1:
    version "1.0.2"
    resolved "https://npm.xiaodiankeji.net/has-symbols/-/has-symbols-1.0.2.tgz#165d3070c00309752a1236a479331e3ac56f1423"
    integrity sha1-Fl0wcMADCXUqEjakeTMeOsVvFCM=
  
  has@^1.0.3:
    version "1.0.3"
    resolved "https://npm.xiaodiankeji.net/has/-/has-1.0.3.tgz#722d7cbfc1f6aa8241f16dd814e011e1f41e8796"
    integrity sha512-f2dvO0VU6Oej7RkWJGrehjbzMAjFp5/VKPp5tTpWIV4JHHZK1/BxbFRtf/siA2SWTe09caDmVtYYzWEIbBS4zw==
    dependencies:
      function-bind "^1.1.1"
  
  http-cache-semantics@^4.0.0:
    version "4.1.0"
    resolved "https://npm.xiaodiankeji.net/http-cache-semantics/-/http-cache-semantics-4.1.0.tgz#49e91c5cbf36c9b94bcfcd71c23d5249ec74e390"
    integrity sha512-carPklcUh7ROWRK7Cv27RPtdhYhUsela/ue5/jKzjegVvXDqM2ILE9Q2BGn9JZJh1g87cp56su/FgQSzcWS8cQ==
  
  http2-wrapper@^1.0.0-beta.5.2:
    version "1.0.3"
    resolved "https://npm.xiaodiankeji.net/http2-wrapper/-/http2-wrapper-1.0.3.tgz#b8f55e0c1f25d4ebd08b3b0c2c079f9590800b3d"
    integrity sha1-uPVeDB8l1OvQizsMLAeflZCACz0=
    dependencies:
      quick-lru "^5.1.1"
      resolve-alpn "^1.0.0"
  
  ieee754@^1.1.13:
    version "1.2.1"
    resolved "https://npm.xiaodiankeji.net/ieee754/-/ieee754-1.2.1.tgz#8eb7a10a63fff25d15a57b001586d177d1b0d352"
    integrity sha1-jrehCmP/8l0VpXsAFYbRd9Gw01I=
  
  ignore@^5.2.0:
    version "5.2.0"
    resolved "https://npm.xiaodiankeji.net/ignore/-/ignore-5.2.0.tgz#6d3bac8fa7fe0d45d9f9be7bac2fc279577e345a"
    integrity sha512-CmxgYGiEPCLhfLnpPp1MoRmifwEIOgjcHXxOBjv7mY96c+eWScsOP9c112ZyLdWHi0FxHjI+4uVhKYp/gcdRmQ==
  
  inherits@^2.0.3, inherits@^2.0.4:
    version "2.0.4"
    resolved "https://npm.xiaodiankeji.net/inherits/-/inherits-2.0.4.tgz#0fa2c64f932917c3433a0ded55363aae37416b7c"
    integrity sha512-k/vGaX4/Yla3WzyMCvTQOXYeIHvqOKtnqBduzTHpzpQZzAskKMhZ2K+EnBiSM9zGSoIFeMpXKxa4dYeZIQqewQ==
  
  is-callable@^1.1.5:
    version "1.2.4"
    resolved "https://npm.xiaodiankeji.net/is-callable/-/is-callable-1.2.4.tgz#47301d58dd0259407865547853df6d61fe471945"
    integrity sha1-RzAdWN0CWUB4ZVR4U99tYf5HGUU=
  
  is-docker@^2.0.0, is-docker@^2.1.1:
    version "2.2.1"
    resolved "https://npm.xiaodiankeji.net/is-docker/-/is-docker-2.2.1.tgz#33eeabe23cfe86f14bde4408a02c0cfb853acdaa"
    integrity sha1-M+6r4jz+hvFL3kQIoCwM+4U6zao=
  
  is-extglob@^2.1.1:
    version "2.1.1"
    resolved "https://npm.xiaodiankeji.net/is-extglob/-/is-extglob-2.1.1.tgz#a88c02535791f02ed37c76a1b9ea9773c833f8c2"
    integrity sha1-qIwCU1eR8C7TfHahueqXc8gz+MI=
  
  is-glob@^4.0.1:
    version "4.0.3"
    resolved "https://npm.xiaodiankeji.net/is-glob/-/is-glob-4.0.3.tgz#64f61e42cbbb2eec2071a9dac0b28ba1e65d5084"
    integrity sha1-ZPYeQsu7LuwgcanawLKLoeZdUIQ=
    dependencies:
      is-extglob "^2.1.1"
  
  is-number@^7.0.0:
    version "7.0.0"
    resolved "https://npm.xiaodiankeji.net/is-number/-/is-number-7.0.0.tgz#7535345b896734d5f80c4d06c50955527a14f12b"
    integrity sha512-41Cifkg6e8TylSpdtTpeLVMqvSBEVzTttHvERD741+pnZ8ANv0004MRL43QKPDlK9cGvNp6NZWZUBlbGXYxxng==
  
  is-ssh@^1.3.0:
    version "1.3.3"
    resolved "https://npm.xiaodiankeji.net/is-ssh/-/is-ssh-1.3.3.tgz#7f133285ccd7f2c2c7fc897b771b53d95a2b2c7e"
    integrity sha1-fxMyhczX8sLH/Il7dxtT2VorLH4=
    dependencies:
      protocols "^1.1.0"
  
  is-windows@^1.0.2:
    version "1.0.2"
    resolved "https://npm.xiaodiankeji.net/is-windows/-/is-windows-1.0.2.tgz#d1850eb9791ecd18e6182ce12a30f396634bb19d"
    integrity sha512-eXK1UInq2bPmjyX6e3VHIzMLobc4J94i4AWn+Hpq3OU5KkrRC96OAcR3PRJ/pGu6m8TRnBHP9dkXQVsT/COVIA==
  
  is-wsl@^2.2.0:
    version "2.2.0"
    resolved "https://npm.xiaodiankeji.net/is-wsl/-/is-wsl-2.2.0.tgz#74a4c76e77ca9fd3f932f290c17ea326cd157271"
    integrity sha1-dKTHbnfKn9P5MvKQwX6jJs0VcnE=
    dependencies:
      is-docker "^2.0.0"
  
  is@^3.2.1:
    version "3.3.0"
    resolved "https://npm.xiaodiankeji.net/is/-/is-3.3.0.tgz#61cff6dd3c4193db94a3d62582072b44e5645d79"
    integrity sha512-nW24QBoPcFGGHJGUwnfpI7Yc5CdqWNdsyHQszVE/z2pKHXzh7FZ5GWhJqSyaQ9wMkQnsTx+kAI8bHlCX4tKdbg==
  
  isexe@^2.0.0:
    version "2.0.0"
    resolved "https://npm.xiaodiankeji.net/isexe/-/isexe-2.0.0.tgz#e8fbf374dc556ff8947a10dcb0572d633f2cfa10"
    integrity sha1-6PvzdNxVb/iUehDcsFctYz8s+hA=
  
  js-yaml@^3.10.0:
    version "3.14.1"
    resolved "https://npm.xiaodiankeji.net/js-yaml/-/js-yaml-3.14.1.tgz#dae812fdb3825fa306609a8717383c50c36a0537"
    integrity sha1-2ugS/bOCX6MGYJqHFzg8UMNqBTc=
    dependencies:
      argparse "^1.0.7"
      esprima "^4.0.0"
  
  json-buffer@3.0.1:
    version "3.0.1"
    resolved "https://npm.xiaodiankeji.net/json-buffer/-/json-buffer-3.0.1.tgz#9338802a30d3b6605fbe0613e094008ca8c05a13"
    integrity sha512-4bV5BfR2mqfQTJm+V5tPPdf+ZpuhiIvTuAB5g8kcrXOZpTT/QwwVRWBywX1ozr6lEuPdbHxwaJlm9G6mI2sfSQ==
  
  json-file-plus@^3.3.1:
    version "3.3.1"
    resolved "https://npm.xiaodiankeji.net/json-file-plus/-/json-file-plus-3.3.1.tgz#f4363806b82819ff8803d83d539d6a9edd2a5258"
    integrity sha512-wo0q1UuiV5NsDPQDup1Km8IwEeqe+olr8tkWxeJq9Bjtcp7DZ0l+yrg28fSC3DEtrE311mhTZ54QGS6oiqnZEA==
    dependencies:
      is "^3.2.1"
      node.extend "^2.0.0"
      object.assign "^4.1.0"
      promiseback "^2.0.2"
      safer-buffer "^2.0.2"
  
  keyv@^4.0.0:
    version "4.0.5"
    resolved "https://npm.xiaodiankeji.net/keyv/-/keyv-4.0.5.tgz#bb12b467aba372fab2a44d4420c00d3c4ebd484c"
    integrity sha512-531pkGLqV3BMg0eDqqJFI0R1mkK1Nm5xIP2mM6keP5P8WfFtCkg2IOwplTUmlGoTgIg9yQYZ/kdihhz89XH3vA==
    dependencies:
      json-buffer "3.0.1"
  
  lodash-es@^4.17.21:
    version "4.17.21"
    resolved "https://npm.xiaodiankeji.net/lodash-es/-/lodash-es-4.17.21.tgz#43e626c46e6591b7750beb2b50117390c609e3ee"
    integrity sha1-Q+YmxG5lkbd1C+srUBFzkMYJ4+4=
  
  lodash@^4.17.15, lodash@^4.17.21:
    version "4.17.21"
    resolved "https://npm.xiaodiankeji.net/lodash/-/lodash-4.17.21.tgz#679591c564c3bffaae8454cf0b3df370c3d6911c"
    integrity sha1-Z5WRxWTDv/quhFTPCz3zcMPWkRw=
  
  lowercase-keys@^2.0.0:
    version "2.0.0"
    resolved "https://npm.xiaodiankeji.net/lowercase-keys/-/lowercase-keys-2.0.0.tgz#2603e78b7b4b0006cbca2fbcc8a3202558ac9479"
    integrity sha512-tqNXrS78oMOE73NMxK4EMLQsQowWf8jKooH9g7xPavRT706R6bkQJ6DY2Te7QukaZsulxa30wQ7bk0pm4XiHmA==
  
  lru-cache@^6.0.0:
    version "6.0.0"
    resolved "https://npm.xiaodiankeji.net/lru-cache/-/lru-cache-6.0.0.tgz#6d6fe6570ebd96aaf90fcad1dafa3b2566db3a94"
    integrity sha1-bW/mVw69lqr5D8rR2vo7JWbbOpQ=
    dependencies:
      yallist "^4.0.0"
  
  merge2@^1.3.0, merge2@^1.4.1:
    version "1.4.1"
    resolved "https://npm.xiaodiankeji.net/merge2/-/merge2-1.4.1.tgz#4368892f885e907455a6fd7dc55c0c9d404990ae"
    integrity sha1-Q2iJL4hekHRVpv19xVwMnUBJkK4=
  
  micromatch@^4.0.2, micromatch@^4.0.4:
    version "4.0.4"
    resolved "https://npm.xiaodiankeji.net/micromatch/-/micromatch-4.0.4.tgz#896d519dfe9db25fce94ceb7a500919bf881ebf9"
    integrity sha1-iW1Rnf6dsl/OlM63pQCRm/iB6/k=
    dependencies:
      braces "^3.0.1"
      picomatch "^2.2.3"
  
  mimic-response@^1.0.0:
    version "1.0.1"
    resolved "https://npm.xiaodiankeji.net/mimic-response/-/mimic-response-1.0.1.tgz#4923538878eef42063cb8a3e3b0798781487ab1b"
    integrity sha512-j5EctnkH7amfV/q5Hgmoal1g2QHFJRraOtmx0JpIqkxhBhI/lJSl1nMpQ45hVarwNETOoWEimndZ4QK0RHxuxQ==
  
  mimic-response@^3.1.0:
    version "3.1.0"
    resolved "https://npm.xiaodiankeji.net/mimic-response/-/mimic-response-3.1.0.tgz#2d1d59af9c1b129815accc2c46a022a5ce1fa3c9"
    integrity sha1-LR1Zr5wbEpgVrMwsRqAipc4fo8k=
  
  minimist@^1.2.5:
    version "1.2.5"
    resolved "https://npm.xiaodiankeji.net/minimist/-/minimist-1.2.5.tgz#67d66014b66a6a8aaa0c083c5fd58df4e4e97602"
    integrity sha1-Z9ZgFLZqaoqqDAg8X9WN9OTpdgI=
  
  minipass@^3.0.0:
    version "3.1.6"
    resolved "https://npm.xiaodiankeji.net/minipass/-/minipass-3.1.6.tgz#3b8150aa688a711a1521af5e8779c1d3bb4f45ee"
    integrity sha512-rty5kpw9/z8SX9dmxblFA6edItUmwJgMeYDZRrwlIVN27i8gysGbznJwUggw2V/FVqFSDdWy040ZPS811DYAqQ==
    dependencies:
      yallist "^4.0.0"
  
  minizlib@^2.1.1:
    version "2.1.2"
    resolved "https://npm.xiaodiankeji.net/minizlib/-/minizlib-2.1.2.tgz#e90d3466ba209b932451508a11ce3d3632145931"
    integrity sha1-6Q00Zrogm5MkUVCKEc49NjIUWTE=
    dependencies:
      minipass "^3.0.0"
      yallist "^4.0.0"
  
  mkdirp@^0.5.1:
    version "0.5.5"
    resolved "https://npm.xiaodiankeji.net/mkdirp/-/mkdirp-0.5.5.tgz#d91cefd62d1436ca0f41620e251288d420099def"
    integrity sha1-2Rzv1i0UNsoPQWIOJRKI1CAJne8=
    dependencies:
      minimist "^1.2.5"
  
  mkdirp@^1.0.3:
    version "1.0.4"
    resolved "https://npm.xiaodiankeji.net/mkdirp/-/mkdirp-1.0.4.tgz#3eb5ed62622756d79a5f0e2a221dfebad75c2f7e"
    integrity sha1-PrXtYmInVteaXw4qIh3+utdcL34=
  
  nanoclone@^0.2.1:
    version "0.2.1"
    resolved "https://npm.xiaodiankeji.net/nanoclone/-/nanoclone-0.2.1.tgz#dd4090f8f1a110d26bb32c49ed2f5b9235209ed4"
    integrity sha1-3UCQ+PGhENJrsyxJ7S9bkjUgntQ=
  
  node.extend@^2.0.0:
    version "2.0.2"
    resolved "https://npm.xiaodiankeji.net/node.extend/-/node.extend-2.0.2.tgz#b4404525494acc99740f3703c496b7d5182cc6cc"
    integrity sha512-pDT4Dchl94/+kkgdwyS2PauDFjZG0Hk0IcHIB+LkW27HLDtdoeMxHTxZh39DYbPP8UflWXWj9JcdDozF+YDOpQ==
    dependencies:
      has "^1.0.3"
      is "^3.2.1"
  
  normalize-url@^6.0.1, normalize-url@^6.1.0:
    version "6.1.0"
    resolved "https://npm.xiaodiankeji.net/normalize-url/-/normalize-url-6.1.0.tgz#40d0885b535deffe3f3147bec877d05fe4c5668a"
    integrity sha1-QNCIW1Nd7/4/MUe+yHfQX+TFZoo=
  
  object-inspect@^1.9.0:
    version "1.12.0"
    resolved "https://npm.xiaodiankeji.net/object-inspect/-/object-inspect-1.12.0.tgz#6e2c120e868fd1fd18cb4f18c31741d0d6e776f0"
    integrity sha512-Ho2z80bVIvJloH+YzRmpZVQe87+qASmBUKZDWgx9cu+KDrX2ZDH/3tMy+gXbZETVGs2M8YdxObOh7XAtim9Y0g==
  
  object-keys@^1.0.12, object-keys@^1.1.1:
    version "1.1.1"
    resolved "https://npm.xiaodiankeji.net/object-keys/-/object-keys-1.1.1.tgz#1c47f272df277f3b1daf061677d9c82e2322c60e"
    integrity sha512-NuAESUOUMrlIXOfHKzD6bpPu3tYt3xvjNdRIQ+FeT0lNb4K8WR70CaDxhuNguS2XG+GjkyMwOzsN5ZktImfhLA==
  
  object.assign@^4.1.0:
    version "4.1.2"
    resolved "https://npm.xiaodiankeji.net/object.assign/-/object.assign-4.1.2.tgz#0ed54a342eceb37b38ff76eb831a0e788cb63940"
    integrity sha1-DtVKNC7Os3s4/3brgxoOeIy2OUA=
    dependencies:
      call-bind "^1.0.0"
      define-properties "^1.1.3"
      has-symbols "^1.0.1"
      object-keys "^1.1.1"
  
  once@^1.3.1, once@^1.4.0:
    version "1.4.0"
    resolved "https://npm.xiaodiankeji.net/once/-/once-1.4.0.tgz#583b1aa775961d4b113ac17d9c50baef9dd76bd1"
    integrity sha1-WDsap3WWHUsROsF9nFC6753Xa9E=
    dependencies:
      wrappy "1"
  
  once@~1.3.0:
    version "1.3.3"
    resolved "https://npm.xiaodiankeji.net/once/-/once-1.3.3.tgz#b2e261557ce4c314ec8304f3fa82663e4297ca20"
    integrity sha1-suJhVXzkwxTsgwTz+oJmPkKXyiA=
    dependencies:
      wrappy "1"
  
  open@^8.4.0:
    version "8.4.0"
    resolved "https://npm.xiaodiankeji.net/open/-/open-8.4.0.tgz#345321ae18f8138f82565a910fdc6b39e8c244f8"
    integrity sha1-NFMhrhj4E4+CVlqRD9xrOejCRPg=
    dependencies:
      define-lazy-prop "^2.0.0"
      is-docker "^2.1.1"
      is-wsl "^2.2.0"
  
  p-cancelable@^2.0.0:
    version "2.1.1"
    resolved "https://npm.xiaodiankeji.net/p-cancelable/-/p-cancelable-2.1.1.tgz#aab7fbd416582fa32a3db49859c122487c5ed2cf"
    integrity sha1-qrf71BZYL6MqPbSYWcEiSHxe0s8=
  
  p-finally@^1.0.0:
    version "1.0.0"
    resolved "https://npm.xiaodiankeji.net/p-finally/-/p-finally-1.0.0.tgz#3fbcfb15b899a44123b34b6dcc18b724336a2cae"
    integrity sha1-P7z7FbiZpEEjs0ttzBi3JDNqLK4=
  
  p-limit@^2.2.0:
    version "2.3.0"
    resolved "https://npm.xiaodiankeji.net/p-limit/-/p-limit-2.3.0.tgz#3dd33c647a214fdfffd835933eb086da0dc21db1"
    integrity sha1-PdM8ZHohT9//2DWTPrCG2g3CHbE=
    dependencies:
      p-try "^2.0.0"
  
  p-queue@^6.0.0:
    version "6.6.2"
    resolved "https://npm.xiaodiankeji.net/p-queue/-/p-queue-6.6.2.tgz#2068a9dcf8e67dd0ec3e7a2bcb76810faa85e426"
    integrity sha1-IGip3PjmfdDsPnory3aBD6qF5CY=
    dependencies:
      eventemitter3 "^4.0.4"
      p-timeout "^3.2.0"
  
  p-timeout@^3.2.0:
    version "3.2.0"
    resolved "https://npm.xiaodiankeji.net/p-timeout/-/p-timeout-3.2.0.tgz#c7e17abc971d2a7962ef83626b35d635acf23dfe"
    integrity sha512-rhIwUycgwwKcP9yTOOFK/AKsAopjjCakVqLHePO3CC6Mir1Z99xT+R63jZxAT5lFZLa2inS5h+ZS2GvR99/FBg==
    dependencies:
      p-finally "^1.0.0"
  
  p-try@^2.0.0:
    version "2.2.0"
    resolved "https://npm.xiaodiankeji.net/p-try/-/p-try-2.2.0.tgz#cb2868540e313d61de58fafbe35ce9004d5540e6"
    integrity sha512-R4nPAVTAU0B9D35/Gk3uJf/7XYbQcyohSKdvAxIRSNghFl4e71hVoGnBNQz9cWaXxO2I10KTC+3jMdvvoKw6dQ==
  
  parse-path@^4.0.0:
    version "4.0.3"
    resolved "https://npm.xiaodiankeji.net/parse-path/-/parse-path-4.0.3.tgz#82d81ec3e071dcc4ab49aa9f2c9c0b8966bb22bf"
    integrity sha1-gtgew+Bx3MSrSaqfLJwLiWa7Ir8=
    dependencies:
      is-ssh "^1.3.0"
      protocols "^1.4.0"
      qs "^6.9.4"
      query-string "^6.13.8"
  
  parse-url@^6.0.0:
    version "6.0.0"
    resolved "https://npm.xiaodiankeji.net/parse-url/-/parse-url-6.0.0.tgz#f5dd262a7de9ec00914939220410b66cff09107d"
    integrity sha1-9d0mKn3p7ACRSTkiBBC2bP8JEH0=
    dependencies:
      is-ssh "^1.3.0"
      normalize-url "^6.1.0"
      parse-path "^4.0.0"
      protocols "^1.4.0"
  
  path-key@^3.1.0:
    version "3.1.1"
    resolved "https://npm.xiaodiankeji.net/path-key/-/path-key-3.1.1.tgz#581f6ade658cbba65a0d3380de7753295054f375"
    integrity sha512-ojmeN0qd+y0jszEtoY48r0Peq5dwMEkIlCOu6Q5f41lfkswXuKtYrhgoTpLnyIcHm24Uhqx+5Tqm2InSwLhE6Q==
  
  path-type@^4.0.0:
    version "4.0.0"
    resolved "https://npm.xiaodiankeji.net/path-type/-/path-type-4.0.0.tgz#84ed01c0a7ba380afe09d90a8c180dcd9d03043b"
    integrity sha512-gDKb8aZMDeD/tZWs9P6+q0J9Mwkdl6xMV8TjnGP3qJVJ06bdMgkbBlLU8IdfOsIsFz2BW1rNVT3XuNEl8zPAvw==
  
  picomatch@^2.2.3:
    version "2.3.1"
    resolved "https://npm.xiaodiankeji.net/picomatch/-/picomatch-2.3.1.tgz#3ba3833733646d9d3e4995946c1365a67fb07a42"
    integrity sha512-JU3teHTNjmE2VCGFzuY8EXzCDVwEqB2a8fsIvwaStHhAWJEeVd1o1QD80CU6+ZdEXXSLbSsuLwJjkCBWqRQUVA==
  
  pluralize@^7.0.0:
    version "7.0.0"
    resolved "https://npm.xiaodiankeji.net/pluralize/-/pluralize-7.0.0.tgz#298b89df8b93b0221dbf421ad2b1b1ea23fc6777"
    integrity sha512-ARhBOdzS3e41FbkW/XWrTEtukqqLoK5+Z/4UeDaLuSW+39JPeFgs4gCGqsrJHVZX0fUrx//4OF0K1CUGwlIFow==
  
  pretty-bytes@^5.1.0:
    version "5.6.0"
    resolved "https://npm.xiaodiankeji.net/pretty-bytes/-/pretty-bytes-5.6.0.tgz#356256f643804773c82f64723fe78c92c62beaeb"
    integrity sha1-NWJW9kOAR3PIL2RyP+eMksYr6us=
  
  promise-deferred@^2.0.3:
    version "2.0.3"
    resolved "https://npm.xiaodiankeji.net/promise-deferred/-/promise-deferred-2.0.3.tgz#b99c9588820798501862a593d49cece51d06fd7f"
    integrity sha512-n10XaoznCzLfyPFOlEE8iurezHpxrYzyjgq/1eW9Wk1gJwur/N7BdBmjJYJpqMeMcXK4wEbzo2EvZQcqjYcKUQ==
    dependencies:
      promise "^7.3.1"
  
  promise@^7.3.1:
    version "7.3.1"
    resolved "https://npm.xiaodiankeji.net/promise/-/promise-7.3.1.tgz#064b72602b18f90f29192b8b1bc418ffd1ebd3bf"
    integrity sha512-nolQXZ/4L+bP/UGlkfaIujX9BKxGwmQ9OT4mOt5yvy8iK1h3wqTEJCijzGANTCCl9nWjY41juyAn2K3Q1hLLTg==
    dependencies:
      asap "~2.0.3"
  
  promiseback@^2.0.2:
    version "2.0.3"
    resolved "https://npm.xiaodiankeji.net/promiseback/-/promiseback-2.0.3.tgz#bd468d86930e8cd44bfc3292de9a6fbafb6378e6"
    integrity sha512-VZXdCwS0ppVNTIRfNsCvVwJAaP2b+pxQF7lM8DMWfmpNWyTxB6O5YNbzs+8z0ki/KIBHKHk308NTIl4kJUem3w==
    dependencies:
      is-callable "^1.1.5"
      promise-deferred "^2.0.3"
  
  property-expr@^2.0.4:
    version "2.0.4"
    resolved "https://npm.xiaodiankeji.net/property-expr/-/property-expr-2.0.4.tgz#37b925478e58965031bb612ec5b3260f8241e910"
    integrity sha1-N7klR45YllAxu2EuxbMmD4JB6RA=
  
  protocols@^1.1.0, protocols@^1.4.0:
    version "1.4.8"
    resolved "https://npm.xiaodiankeji.net/protocols/-/protocols-1.4.8.tgz#48eea2d8f58d9644a4a32caae5d5db290a075ce8"
    integrity sha1-SO6i2PWNlkSkoyyq5dXbKQoHXOg=
  
  pump@^3.0.0:
    version "3.0.0"
    resolved "https://npm.xiaodiankeji.net/pump/-/pump-3.0.0.tgz#b4a2116815bde2f4e1ea602354e8c75565107a64"
    integrity sha512-LwZy+p3SFs1Pytd/jYct4wpv49HiYCqd9Rlc5ZVdk0V+8Yzv6jR5Blk3TRmPL1ft69TxP0IMZGJ+WPFU2BFhww==
    dependencies:
      end-of-stream "^1.1.0"
      once "^1.3.1"
  
  qs@^6.9.4:
    version "6.10.3"
    resolved "https://npm.xiaodiankeji.net/qs/-/qs-6.10.3.tgz#d6cde1b2ffca87b5aa57889816c5f81535e22e8e"
    integrity sha512-wr7M2E0OFRfIfJZjKGieI8lBKb7fRCH4Fv5KNPEs7gJ8jadvotdsS08PzOKR7opXhZ/Xkjtt3WF9g38drmyRqQ==
    dependencies:
      side-channel "^1.0.4"
  
  query-string@^6.13.8:
    version "6.14.1"
    resolved "https://npm.xiaodiankeji.net/query-string/-/query-string-6.14.1.tgz#7ac2dca46da7f309449ba0f86b1fd28255b0c86a"
    integrity sha1-esLcpG2n8wlEm6D4ax/SglWwyGo=
    dependencies:
      decode-uri-component "^0.2.0"
      filter-obj "^1.1.0"
      split-on-first "^1.0.0"
      strict-uri-encode "^2.0.0"
  
  queue-microtask@^1.2.2:
    version "1.2.3"
    resolved "https://npm.xiaodiankeji.net/queue-microtask/-/queue-microtask-1.2.3.tgz#4929228bbc724dfac43e0efb058caf7b6cfb6243"
    integrity sha1-SSkii7xyTfrEPg77BYyve2z7YkM=
  
  quick-lru@^5.1.1:
    version "5.1.1"
    resolved "https://npm.xiaodiankeji.net/quick-lru/-/quick-lru-5.1.1.tgz#366493e6b3e42a3a6885e2e99d18f80fb7a8c932"
    integrity sha1-NmST5rPkKjpoheLpnRj4D7eoyTI=
  
  readable-stream@^3.1.1, readable-stream@^3.4.0:
    version "3.6.0"
    resolved "https://npm.xiaodiankeji.net/readable-stream/-/readable-stream-3.6.0.tgz#337bbda3adc0706bd3e024426a286d4b4b2c9198"
    integrity sha512-BViHy7LKeTz4oNnkcLJ+lVSL6vpiFeX6/d3oSH8zCW7UxP2onchk+vTGB143xuFjHS3deTgkKoXXymXqymiIdA==
    dependencies:
      inherits "^2.0.3"
      string_decoder "^1.1.1"
      util-deprecate "^1.0.1"
  
  regenerator-runtime@^0.13.4:
    version "0.13.9"
    resolved "https://npm.xiaodiankeji.net/regenerator-runtime/-/regenerator-runtime-0.13.9.tgz#8925742a98ffd90814988d7566ad30ca3b263b52"
    integrity sha1-iSV0Kpj/2QgUmI11Zq0wyjsmO1I=
  
  regexp-to-ast@0.5.0:
    version "0.5.0"
    resolved "https://npm.xiaodiankeji.net/regexp-to-ast/-/regexp-to-ast-0.5.0.tgz#56c73856bee5e1fef7f73a00f1473452ab712a24"
    integrity sha1-Vsc4Vr7l4f739zoA8Uc0UqtxKiQ=
  
  resolve-alpn@^1.0.0:
    version "1.2.1"
    resolved "https://npm.xiaodiankeji.net/resolve-alpn/-/resolve-alpn-1.2.1.tgz#b7adbdac3546aaaec20b45e7d8265927072726f9"
    integrity sha1-t629rDVGqq7CC0Xn2CZZJwcnJvk=
  
  responselike@^2.0.0:
    version "2.0.0"
    resolved "https://npm.xiaodiankeji.net/responselike/-/responselike-2.0.0.tgz#26391bcc3174f750f9a79eacc40a12a5c42d7723"
    integrity sha512-xH48u3FTB9VsZw7R+vvgaKeLKzT6jOogbQhEe/jewwnZgzPcnyWui2Av6JpoYZF/91uueC+lqhWqeURw5/qhCw==
    dependencies:
      lowercase-keys "^2.0.0"
  
  reusify@^1.0.4:
    version "1.0.4"
    resolved "https://npm.xiaodiankeji.net/reusify/-/reusify-1.0.4.tgz#90da382b1e126efc02146e90845a88db12925d76"
    integrity sha512-U9nH88a3fc/ekCF1l0/UP1IosiuIjyTh7hBvXVMHYgVcfGvt897Xguj2UOLDeI5BG2m7/uwyaLVT6fbtCwTyzw==
  
  run-parallel@^1.1.9:
    version "1.2.0"
    resolved "https://npm.xiaodiankeji.net/run-parallel/-/run-parallel-1.2.0.tgz#66d1368da7bdf921eb9d95bd1a9229e7f21a43ee"
    integrity sha1-ZtE2jae9+SHrnZW9GpIp5/IaQ+4=
    dependencies:
      queue-microtask "^1.2.2"
  
  safe-buffer@~5.2.0:
    version "5.2.1"
    resolved "https://npm.xiaodiankeji.net/safe-buffer/-/safe-buffer-5.2.1.tgz#1eaf9fa9bdb1fdd4ec75f58f9cdb4e6b7827eec6"
    integrity sha1-Hq+fqb2x/dTsdfWPnNtOa3gn7sY=
  
  safer-buffer@^2.0.2:
    version "2.1.2"
    resolved "https://npm.xiaodiankeji.net/safer-buffer/-/safer-buffer-2.1.2.tgz#44fa161b0187b9549dd84bb91802f9bd8385cd6a"
    integrity sha512-YZo3K82SD7Riyi0E1EQPojLz7kpepnSQI9IyPbHHg1XXXevb5dJI7tpyN2ADxGcQbHG7vcyRHk0cbwqcQriUtg==
  
  semver@^7.1.2:
    version "7.3.5"
    resolved "https://npm.xiaodiankeji.net/semver/-/semver-7.3.5.tgz#0b621c879348d8998e4b0e4be94b3f12e6018ef7"
    integrity sha1-C2Ich5NI2JmOSw5L6Us/EuYBjvc=
    dependencies:
      lru-cache "^6.0.0"
  
  shebang-command@^2.0.0:
    version "2.0.0"
    resolved "https://npm.xiaodiankeji.net/shebang-command/-/shebang-command-2.0.0.tgz#ccd0af4f8835fbdc265b82461aaf0c36663f34ea"
    integrity sha512-kHxr2zZpYtdmrN1qDjrrX/Z1rR1kG8Dx+gkpK1G4eXmvXswmcE1hTWBWYUzlraYw1/yZp6YuDY77YtvbN0dmDA==
    dependencies:
      shebang-regex "^3.0.0"
  
  shebang-regex@^3.0.0:
    version "3.0.0"
    resolved "https://npm.xiaodiankeji.net/shebang-regex/-/shebang-regex-3.0.0.tgz#ae16f1644d873ecad843b0307b143362d4c42172"
    integrity sha512-7++dFhtcx3353uBaq8DDR4NuxBetBzC7ZQOhmTQInHEd6bSrXdiEyzCvG07Z44UYdLShWUyXt5M/yhz8ekcb1A==
  
  side-channel@^1.0.4:
    version "1.0.4"
    resolved "https://npm.xiaodiankeji.net/side-channel/-/side-channel-1.0.4.tgz#efce5c8fdc104ee751b25c58d4290011fa5ea2cf"
    integrity sha1-785cj9wQTudRslxY1CkAEfpeos8=
    dependencies:
      call-bind "^1.0.0"
      get-intrinsic "^1.0.2"
      object-inspect "^1.9.0"
  
  slash@^3.0.0:
    version "3.0.0"
    resolved "https://npm.xiaodiankeji.net/slash/-/slash-3.0.0.tgz#6539be870c165adbd5240220dbe361f1bc4d4634"
    integrity sha512-g9Q1haeby36OSStwb4ntCGGGaKsaVSjQ68fBxoQcutl5fS1vuY18H3wSt3jFyFtrkx+Kz0V1G85A4MyAdDMi2Q==
  
  split-on-first@^1.0.0:
    version "1.1.0"
    resolved "https://npm.xiaodiankeji.net/split-on-first/-/split-on-first-1.1.0.tgz#f610afeee3b12bce1d0c30425e76398b78249a5f"
    integrity sha512-43ZssAJaMusuKWL8sKUBQXHWOpq8d6CfN/u1p4gUzfJkM05C8rxTmYrkIPTXapZpORA6LkkzcUulJ8FqA7Uudw==
  
  sprintf-js@~1.0.2:
    version "1.0.3"
    resolved "https://npm.xiaodiankeji.net/sprintf-js/-/sprintf-js-1.0.3.tgz#04e6926f662895354f3dd015203633b857297e2c"
    integrity sha1-BOaSb2YolTVPPdAVIDYzuFcpfiw=
  
  ssri@^6.0.1:
    version "6.0.2"
    resolved "https://npm.xiaodiankeji.net/ssri/-/ssri-6.0.2.tgz#157939134f20464e7301ddba3e90ffa8f7728ac5"
    integrity sha1-FXk5E08gRk5zAd26PpD/qPdyisU=
    dependencies:
      figgy-pudding "^3.5.1"
  
  stream-buffers@^3.0.2:
    version "3.0.2"
    resolved "https://npm.xiaodiankeji.net/stream-buffers/-/stream-buffers-3.0.2.tgz#5249005a8d5c2d00b3a32e6e0a6ea209dc4f3521"
    integrity sha512-DQi1h8VEBA/lURbSwFtEHnSTb9s2/pwLEaFuNhXwy1Dx3Sa0lOuYT2yNUr4/j2fs8oCAMANtrZ5OrPZtyVs3MQ==
  
  stream-to-array@~2.3.0:
    version "2.3.0"
    resolved "https://npm.xiaodiankeji.net/stream-to-array/-/stream-to-array-2.3.0.tgz#bbf6b39f5f43ec30bc71babcb37557acecf34353"
    integrity sha1-u/azn19D7DC8cbq8s3VXrOzzQ1M=
    dependencies:
      any-promise "^1.1.0"
  
  stream-to-promise@^2.2.0:
    version "2.2.0"
    resolved "https://npm.xiaodiankeji.net/stream-to-promise/-/stream-to-promise-2.2.0.tgz#b1edb2e1c8cb11289d1b503c08d3f2aef51e650f"
    integrity sha1-se2y4cjLESidG1A8CNPyrvUeZQ8=
    dependencies:
      any-promise "~1.3.0"
      end-of-stream "~1.1.0"
      stream-to-array "~2.3.0"
  
  strict-uri-encode@^2.0.0:
    version "2.0.0"
    resolved "https://npm.xiaodiankeji.net/strict-uri-encode/-/strict-uri-encode-2.0.0.tgz#b9c7330c7042862f6b142dc274bbcc5866ce3546"
    integrity sha1-ucczDHBChi9rFC3CdLvMWGbONUY=
  
  string_decoder@^1.1.1:
    version "1.3.0"
    resolved "https://npm.xiaodiankeji.net/string_decoder/-/string_decoder-1.3.0.tgz#42f114594a46cf1a8e30b0a84f56c78c3edac21e"
    integrity sha512-hkRX8U1WjJFd8LsDJ2yQ/wWWxaopEsABU1XfkM8A+j0+85JAGppt16cr1Whg6KIbb4okU6Mql6BOj+uup/wKeA==
    dependencies:
      safe-buffer "~5.2.0"
  
  strip-ansi@^6.0.0:
    version "6.0.1"
    resolved "https://npm.xiaodiankeji.net/strip-ansi/-/strip-ansi-6.0.1.tgz#9e26c63d30f53443e9489495b2105d37b67a85d9"
    integrity sha1-nibGPTD1NEPpSJSVshBdN7Z6hdk=
    dependencies:
      ansi-regex "^5.0.1"
  
  supports-color@^7.1.0:
    version "7.2.0"
    resolved "https://npm.xiaodiankeji.net/supports-color/-/supports-color-7.2.0.tgz#1b7dcdcb32b8138801b3e478ba6a51caa89648da"
    integrity sha1-G33NyzK4E4gBs+R4umpRyqiWSNo=
    dependencies:
      has-flag "^4.0.0"
  
  tar-stream@^2.0.1:
    version "2.2.0"
    resolved "https://npm.xiaodiankeji.net/tar-stream/-/tar-stream-2.2.0.tgz#acad84c284136b060dc3faa64474aa9aebd77287"
    integrity sha1-rK2EwoQTawYNw/qmRHSqmuvXcoc=
    dependencies:
      bl "^4.0.3"
      end-of-stream "^1.4.1"
      fs-constants "^1.0.0"
      inherits "^2.0.3"
      readable-stream "^3.1.1"
  
  tar@^6.0.5:
    version "6.1.11"
    resolved "https://npm.xiaodiankeji.net/tar/-/tar-6.1.11.tgz#6760a38f003afa1b2ffd0ffe9e9abbd0eab3d621"
    integrity sha1-Z2CjjwA6+hsv/Q/+npq70Oqz1iE=
    dependencies:
      chownr "^2.0.0"
      fs-minipass "^2.0.0"
      minipass "^3.0.0"
      minizlib "^2.1.1"
      mkdirp "^1.0.3"
      yallist "^4.0.0"
  
  tinylogic@^1.0.3:
    version "1.0.3"
    resolved "https://npm.xiaodiankeji.net/tinylogic/-/tinylogic-1.0.3.tgz#f15cfc2fb4ea8bb984aa1ddc67081dda2bb2d8e0"
    integrity sha1-8Vz8L7Tqi7mEqh3cZwgd2iuy2OA=
    dependencies:
      chevrotain "^9.1.0"
  
  to-regex-range@^5.0.1:
    version "5.0.1"
    resolved "https://npm.xiaodiankeji.net/to-regex-range/-/to-regex-range-5.0.1.tgz#1648c44aae7c8d988a326018ed72f5b4dd0392e4"
    integrity sha512-65P7iz6X5yEr1cwcgvQxbbIw7Uk3gOy5dIdtZ4rDveLqhrdJP+Li/Hx6tyK0NEb+2GCyneCMJiGqrADCSNk8sQ==
    dependencies:
      is-number "^7.0.0"
  
  toposort@^2.0.2:
    version "2.0.2"
    resolved "https://npm.xiaodiankeji.net/toposort/-/toposort-2.0.2.tgz#ae21768175d1559d48bef35420b2f4962f09c330"
    integrity sha1-riF2gXXRVZ1IvvNUILL0li8JwzA=
  
  treeify@^1.1.0:
    version "1.1.0"
    resolved "https://npm.xiaodiankeji.net/treeify/-/treeify-1.1.0.tgz#4e31c6a463accd0943879f30667c4fdaff411bb8"
    integrity sha512-1m4RA7xVAJrSGrrXGs0L3YTwyvBs2S8PbRHaLZAkFw7JR8oIFwYtysxlBZhYIa7xSyiYJKZ3iGrrk55cGA3i9A==
  
  tslib@^1.13.0:
    version "1.14.1"
    resolved "https://npm.xiaodiankeji.net/tslib/-/tslib-1.14.1.tgz#cf2d38bdc34a134bcaf1091c41f6619e2f672d00"
    integrity sha1-zy04vcNKE0vK8QkcQfZhni9nLQA=
  
  tunnel@^0.0.6:
    version "0.0.6"
    resolved "https://npm.xiaodiankeji.net/tunnel/-/tunnel-0.0.6.tgz#72f1314b34a5b192db012324df2cc587ca47f92c"
    integrity sha512-1h/Lnq9yajKY2PEbBadPXj3VxsDDu844OnaAo52UVmIzIvwwtBPIuNvkjuzBlTWpfJyUbG3ez0KSBibQkj4ojg==
  
  typanion@^3.3.0, typanion@^3.3.1:
    version "3.7.1"
    resolved "https://npm.xiaodiankeji.net/typanion/-/typanion-3.7.1.tgz#5fceb57a2fa0c0a5beca25a7e90ac2a420863709"
    integrity sha1-X861ei+gwKW+yiWn6QrCpCCGNwk=
  
  util-deprecate@^1.0.1:
    version "1.0.2"
    resolved "https://npm.xiaodiankeji.net/util-deprecate/-/util-deprecate-1.0.2.tgz#450d4dc9fa70de732762fbd2d4a28981419a0ccf"
    integrity sha1-RQ1Nyfpw3nMnYvvS1KKJgUGaDM8=
  
  which@^2.0.1:
    version "2.0.2"
    resolved "https://npm.xiaodiankeji.net/which/-/which-2.0.2.tgz#7c6a8dd0a636a0327e10b59c9286eee93f3f51b1"
    integrity sha512-BLI3Tl1TW3Pvl70l3yq3Y64i+awpwXqsGBYWkkqMtnbXgrMD+yj7rhW0kuEDxzJaYXGjEW5ogapKNMEKNMjibA==
    dependencies:
      isexe "^2.0.0"
  
  wrappy@1:
    version "1.0.2"
    resolved "https://npm.xiaodiankeji.net/wrappy/-/wrappy-1.0.2.tgz#b5243d8f3ec1aa35f1364605bc0d1036e30ab69f"
    integrity sha1-tSQ9jz7BqjXxNkYFvA0QNuMKtp8=
  
  yallist@^4.0.0:
    version "4.0.0"
    resolved "https://npm.xiaodiankeji.net/yallist/-/yallist-4.0.0.tgz#9bb92790d9c0effec63be73519e11a35019a3a72"
    integrity sha512-3wdGidZyq5PB084XLES5TpOSRA3wjXAlIWMhum2kRcv/41Sn2emQ0dycQW4uZXLejwKvg6EsvbdlVL+FYEct7A==
  
  yup@^0.32.9:
    version "0.32.11"
    resolved "https://npm.xiaodiankeji.net/yup/-/yup-0.32.11.tgz#d67fb83eefa4698607982e63f7ca4c5ed3cf18c5"
    integrity sha1-1n+4Pu+kaYYHmC5j98pMXtPPGMU=
    dependencies:
      "@babel/runtime" "^7.15.4"
      "@types/lodash" "^4.14.175"
      lodash "^4.17.21"
      lodash-es "^4.17.21"
      nanoclone "^0.2.1"
      property-expr "^2.0.4"
      toposort "^2.0.2"
